2018-04-16 17:04:42 test_01.py[line:38] INFO    : ------登录成功用例：start!---------
2018-04-16 17:04:42 test_01.py[line:40] INFO    : 输入正确账号：这里是抓包后获取的博客园的加密账号
2018-04-16 17:04:42 test_01.py[line:42] INFO    : 输入正确密码：这里是抓包后获取的博客园的加密密码
2018-04-16 17:04:42 connectionpool.py[line:818] DEBUG   : Starting new HTTPS connection (1): passport.cnblogs.com
2018-04-16 17:04:43 test_01.py[line:50] INFO    : ------登录失败用例：start!---------
2018-04-16 17:04:43 test_01.py[line:52] INFO    : 输入正确账号：这里是抓包后获取的博客园的加密账号
2018-04-16 17:04:43 test_01.py[line:54] INFO    : 输入错误密码：这里是抓包后获取的博客园的加密账号
2018-04-16 17:04:43 connectionpool.py[line:818] DEBUG   : Starting new HTTPS connection (1): passport.cnblogs.com
2018-04-16 17:04:43 test_02.py[line:15] INFO    : nihao
2018-04-16 17:04:43 test_02.py[line:57] INFO    : ----------start!-------
2018-04-16 17:04:43 test_02.py[line:61] INFO    : 测试单号：560697415000  快递名称：天天快递
2018-04-16 17:04:43 test_02.py[line:29] INFO    : 测试url地址：http://www.kuaidi.com/index-ajaxselectcourierinfo-560697415000-tiantian.html
2018-04-16 17:04:43 connectionpool.py[line:207] DEBUG   : Starting new HTTP connection (1): www.kuaidi.com
2018-04-16 17:04:43 connectionpool.py[line:395] DEBUG   : http://www.kuaidi.com:80 "GET /index-ajaxselectcourierinfo-560697415000-tiantian.html HTTP/1.1" 200 None
2018-04-16 17:04:43 test_02.py[line:33] INFO    : 获取请求结果：{'success': False, 'ico': '/data/upload/201407/tt_logo.gif', 'phone': '400-188-8888', 'url': 'http://www.ttkdex.com', 'status': 0, 'companytype': 'tiantian', 'nu': '560697415000', 'company': None, 'reason': '快递公司参数异常：单号不存在或者已经过期', 'data': '', 'time': '', 'rank': '2.4', 'exceed': '', 'timeused': '--'}
2018-04-16 17:04:43 test_02.py[line:35] INFO    : 获取公司名称：None
2018-04-16 17:04:43 test_02.py[line:37] INFO    : 获取data内容：
2018-04-16 17:04:43 test_02.py[line:15] INFO    : nihao
2018-04-16 17:04:43 test_02.py[line:47] INFO    : ----------start!-------
2018-04-16 17:04:43 test_02.py[line:51] INFO    : 测试单号：1202247993797  快递名称：韵达快递
2018-04-16 17:04:43 test_02.py[line:29] INFO    : 测试url地址：http://www.kuaidi.com/index-ajaxselectcourierinfo-1202247993797-yunda.html
2018-04-16 17:04:43 connectionpool.py[line:207] DEBUG   : Starting new HTTP connection (1): www.kuaidi.com
2018-04-16 17:04:44 connectionpool.py[line:395] DEBUG   : http://www.kuaidi.com:80 "GET /index-ajaxselectcourierinfo-1202247993797-yunda.html HTTP/1.1" 200 None
2018-04-16 17:04:44 test_02.py[line:33] INFO    : 获取请求结果：{'success': True, 'ico': '/data/upload/201407/yd_logo.gif', 'phone': '95546', 'url': 'http://www.yundaex.com', 'status': 6, 'companytype': 'yunda', 'nu': '1202247993797', 'company': '韵达快递', 'reason': '', 'data': [{'time': '2016-08-21 19:47:14', 'context': '到达：贵州都匀市公司 由 已签收 签收'}, {'time': '2016-08-21 09:45:36', 'context': '到达：贵州都匀市公司 指定： 派送'}, {'time': '2016-08-20 06:32:38', 'context': '到达：贵州贵阳分拨中心 发往：贵州都匀市公司'}, {'time': '2016-08-20 06:17:24', 'context': '到达：贵州贵阳分拨中心 上级站点：福建晋江分拨中心'}, {'time': '2016-08-18 21:48:53', 'context': '到达：福建晋江分拨中心 发往：贵州贵阳分拨中心'}, {'time': '2016-08-18 21:46:25', 'context': '到达：福建晋江分拨中心'}, {'time': '2016-08-18 08:30:44', 'context': '到达：福建市场部台江服务部 大包称重'}, {'time': '2016-08-18 06:48:19', 'context': '到达：福建市场部台江服务部 发往：贵州贵阳分拨中心'}, {'time': '2016-08-18 06:37:54', 'context': '到达：福建市场部台江服务部 已揽件'}, {'time': '2016-08-18 05:51:57', 'context': '到达：福建市场部台江服务部 已揽件'}], 'time': '', 'rank': '2.4', 'exceed': '', 'timeused': '--'}
2018-04-16 17:04:44 test_02.py[line:35] INFO    : 获取公司名称：韵达快递
2018-04-16 17:04:44 test_02.py[line:37] INFO    : 获取data内容：[{'time': '2016-08-21 19:47:14', 'context': '到达：贵州都匀市公司 由 已签收 签收'}, {'time': '2016-08-21 09:45:36', 'context': '到达：贵州都匀市公司 指定： 派送'}, {'time': '2016-08-20 06:32:38', 'context': '到达：贵州贵阳分拨中心 发往：贵州都匀市公司'}, {'time': '2016-08-20 06:17:24', 'context': '到达：贵州贵阳分拨中心 上级站点：福建晋江分拨中心'}, {'time': '2016-08-18 21:48:53', 'context': '到达：福建晋江分拨中心 发往：贵州贵阳分拨中心'}, {'time': '2016-08-18 21:46:25', 'context': '到达：福建晋江分拨中心'}, {'time': '2016-08-18 08:30:44', 'context': '到达：福建市场部台江服务部 大包称重'}, {'time': '2016-08-18 06:48:19', 'context': '到达：福建市场部台江服务部 发往：贵州贵阳分拨中心'}, {'time': '2016-08-18 06:37:54', 'context': '到达：福建市场部台江服务部 已揽件'}, {'time': '2016-08-18 05:51:57', 'context': '到达：福建市场部台江服务部 已揽件'}]
2018-04-16 17:04:44 test_02.py[line:39] INFO    : 获取已签收状态：到达：贵州都匀市公司 由 已签收 签收
2018-04-16 17:04:44 test_02.py[line:53] INFO    : ----------pass!-------
2018-04-16 17:04:44 test_add_event_test.py[line:27] INFO    : 参数为空
2018-04-16 17:04:44 connectionpool.py[line:207] DEBUG   : Starting new HTTP connection (1): 127.0.0.1
2018-04-16 17:04:44 connectionpool.py[line:395] DEBUG   : http://127.0.0.1:8000 "POST /api/add_event/ HTTP/1.1" 200 47
2018-04-16 17:04:44 test_add_event_test.py[line:51] INFO    : 添加时间结束
2018-04-16 17:04:44 connectionpool.py[line:207] DEBUG   : Starting new HTTP connection (1): 127.0.0.1
2018-04-16 17:04:44 connectionpool.py[line:395] DEBUG   : http://127.0.0.1:8000 "POST /api/add_event/ HTTP/1.1" 200 55
2018-04-16 17:04:44 test_add_event_test.py[line:51] INFO    : 添加时间结束
2018-04-16 17:04:44 connectionpool.py[line:207] DEBUG   : Starting new HTTP connection (1): test.wgmf.com
2018-04-16 17:04:44 connectionpool.py[line:395] DEBUG   : http://test.wgmf.com:80 "GET /wechat-shop-back/order/list?cusId=16788112&openId=&curPage=1&pageSize=10 HTTP/1.1" 200 None
2018-04-16 17:04:44 test_list_order.py[line:34] INFO    : 你好
2018-04-16 17:04:44 test_list_order.py[line:46] INFO    : 结束
2018-04-16 17:06:30 test_01.py[line:38] INFO    : ------登录成功用例：start!---------
2018-04-16 17:06:30 test_01.py[line:40] INFO    : 输入正确账号：这里是抓包后获取的博客园的加密账号
2018-04-16 17:06:30 test_01.py[line:42] INFO    : 输入正确密码：这里是抓包后获取的博客园的加密密码
2018-04-16 17:06:30 connectionpool.py[line:818] DEBUG   : Starting new HTTPS connection (1): passport.cnblogs.com
2018-04-16 17:06:31 test_01.py[line:50] INFO    : ------登录失败用例：start!---------
2018-04-16 17:06:31 test_01.py[line:52] INFO    : 输入正确账号：这里是抓包后获取的博客园的加密账号
2018-04-16 17:06:31 test_01.py[line:54] INFO    : 输入错误密码：这里是抓包后获取的博客园的加密账号
2018-04-16 17:06:31 connectionpool.py[line:818] DEBUG   : Starting new HTTPS connection (1): passport.cnblogs.com
2018-04-16 17:06:31 test_02.py[line:15] INFO    : nihao
2018-04-16 17:06:31 test_02.py[line:57] INFO    : ----------start!-------
2018-04-16 17:06:31 test_02.py[line:61] INFO    : 测试单号：560697415000  快递名称：天天快递
2018-04-16 17:06:31 test_02.py[line:29] INFO    : 测试url地址：http://www.kuaidi.com/index-ajaxselectcourierinfo-560697415000-tiantian.html
2018-04-16 17:06:31 connectionpool.py[line:207] DEBUG   : Starting new HTTP connection (1): www.kuaidi.com
2018-04-16 17:06:31 connectionpool.py[line:395] DEBUG   : http://www.kuaidi.com:80 "GET /index-ajaxselectcourierinfo-560697415000-tiantian.html HTTP/1.1" 200 None
2018-04-16 17:06:31 test_02.py[line:33] INFO    : 获取请求结果：{'success': False, 'ico': '/data/upload/201407/tt_logo.gif', 'phone': '400-188-8888', 'url': 'http://www.ttkdex.com', 'status': 0, 'companytype': 'tiantian', 'nu': '560697415000', 'company': None, 'reason': '快递公司参数异常：单号不存在或者已经过期', 'data': '', 'time': '', 'rank': '2.4', 'exceed': '', 'timeused': '--'}
2018-04-16 17:06:31 test_02.py[line:35] INFO    : 获取公司名称：None
2018-04-16 17:06:31 test_02.py[line:37] INFO    : 获取data内容：
2018-04-16 17:06:31 test_02.py[line:15] INFO    : nihao
2018-04-16 17:06:31 test_02.py[line:47] INFO    : ----------start!-------
2018-04-16 17:06:31 test_02.py[line:51] INFO    : 测试单号：1202247993797  快递名称：韵达快递
2018-04-16 17:06:31 test_02.py[line:29] INFO    : 测试url地址：http://www.kuaidi.com/index-ajaxselectcourierinfo-1202247993797-yunda.html
2018-04-16 17:06:31 connectionpool.py[line:207] DEBUG   : Starting new HTTP connection (1): www.kuaidi.com
2018-04-16 17:06:32 connectionpool.py[line:395] DEBUG   : http://www.kuaidi.com:80 "GET /index-ajaxselectcourierinfo-1202247993797-yunda.html HTTP/1.1" 200 None
2018-04-16 17:06:32 test_02.py[line:33] INFO    : 获取请求结果：{'success': True, 'ico': '/data/upload/201407/yd_logo.gif', 'phone': '95546', 'url': 'http://www.yundaex.com', 'status': 6, 'companytype': 'yunda', 'nu': '1202247993797', 'company': '韵达快递', 'reason': '', 'data': [{'time': '2016-08-21 19:47:14', 'context': '到达：贵州都匀市公司 由 已签收 签收'}, {'time': '2016-08-21 09:45:36', 'context': '到达：贵州都匀市公司 指定： 派送'}, {'time': '2016-08-20 06:32:38', 'context': '到达：贵州贵阳分拨中心 发往：贵州都匀市公司'}, {'time': '2016-08-20 06:17:24', 'context': '到达：贵州贵阳分拨中心 上级站点：福建晋江分拨中心'}, {'time': '2016-08-18 21:48:53', 'context': '到达：福建晋江分拨中心 发往：贵州贵阳分拨中心'}, {'time': '2016-08-18 21:46:25', 'context': '到达：福建晋江分拨中心'}, {'time': '2016-08-18 08:30:44', 'context': '到达：福建市场部台江服务部 大包称重'}, {'time': '2016-08-18 06:48:19', 'context': '到达：福建市场部台江服务部 发往：贵州贵阳分拨中心'}, {'time': '2016-08-18 06:37:54', 'context': '到达：福建市场部台江服务部 已揽件'}, {'time': '2016-08-18 05:51:57', 'context': '到达：福建市场部台江服务部 已揽件'}], 'time': '', 'rank': '2.4', 'exceed': '', 'timeused': '--'}
2018-04-16 17:06:32 test_02.py[line:35] INFO    : 获取公司名称：韵达快递
2018-04-16 17:06:32 test_02.py[line:37] INFO    : 获取data内容：[{'time': '2016-08-21 19:47:14', 'context': '到达：贵州都匀市公司 由 已签收 签收'}, {'time': '2016-08-21 09:45:36', 'context': '到达：贵州都匀市公司 指定： 派送'}, {'time': '2016-08-20 06:32:38', 'context': '到达：贵州贵阳分拨中心 发往：贵州都匀市公司'}, {'time': '2016-08-20 06:17:24', 'context': '到达：贵州贵阳分拨中心 上级站点：福建晋江分拨中心'}, {'time': '2016-08-18 21:48:53', 'context': '到达：福建晋江分拨中心 发往：贵州贵阳分拨中心'}, {'time': '2016-08-18 21:46:25', 'context': '到达：福建晋江分拨中心'}, {'time': '2016-08-18 08:30:44', 'context': '到达：福建市场部台江服务部 大包称重'}, {'time': '2016-08-18 06:48:19', 'context': '到达：福建市场部台江服务部 发往：贵州贵阳分拨中心'}, {'time': '2016-08-18 06:37:54', 'context': '到达：福建市场部台江服务部 已揽件'}, {'time': '2016-08-18 05:51:57', 'context': '到达：福建市场部台江服务部 已揽件'}]
2018-04-16 17:06:32 test_02.py[line:39] INFO    : 获取已签收状态：到达：贵州都匀市公司 由 已签收 签收
2018-04-16 17:06:32 test_02.py[line:53] INFO    : ----------pass!-------
2018-04-16 17:06:32 test_add_event_test.py[line:27] INFO    : 参数为空
2018-04-16 17:06:32 connectionpool.py[line:207] DEBUG   : Starting new HTTP connection (1): 127.0.0.1
2018-04-16 17:06:32 connectionpool.py[line:395] DEBUG   : http://127.0.0.1:8000 "POST /api/add_event/ HTTP/1.1" 200 47
2018-04-16 17:06:32 test_add_event_test.py[line:51] INFO    : 添加时间结束
2018-04-16 17:06:32 connectionpool.py[line:207] DEBUG   : Starting new HTTP connection (1): 127.0.0.1
2018-04-16 17:06:32 connectionpool.py[line:395] DEBUG   : http://127.0.0.1:8000 "POST /api/add_event/ HTTP/1.1" 200 55
2018-04-16 17:06:32 test_add_event_test.py[line:51] INFO    : 添加时间结束
2018-04-16 17:06:32 connectionpool.py[line:207] DEBUG   : Starting new HTTP connection (1): test.wgmf.com
2018-04-16 17:06:32 connectionpool.py[line:395] DEBUG   : http://test.wgmf.com:80 "GET /wechat-shop-back/order/list?cusId=16788112&openId=&curPage=1&pageSize=10 HTTP/1.1" 200 None
2018-04-16 17:06:32 test_list_order.py[line:34] INFO    : 你好
2018-04-16 17:06:32 test_list_order.py[line:46] INFO    : 结束
