[2017-08-17 16:19:29,367] - logger.py] - INFO: ------登录成功用例：start!---------
[2017-08-17 16:19:29,368] - logger.py] - INFO: 输入正确账号：这里是抓包后获取的博客园的加密账号
[2017-08-17 16:19:29,369] - logger.py] - INFO: 输入正确密码：这里是抓包后获取的博客园的加密密码
[2017-08-17 16:19:30,026] - logger.py] - INFO: ------登录失败用例：start!---------
[2017-08-17 16:19:30,027] - logger.py] - INFO: 输入正确账号：这里是抓包后获取的博客园的加密账号
[2017-08-17 16:19:30,028] - logger.py] - INFO: 输入错误密码：这里是抓包后获取的博客园的加密账号
[2017-08-17 16:19:30,140] - logger.py] - INFO: ----------start!-------
[2017-08-17 16:19:30,141] - logger.py] - INFO: 测试单号：560697415000  快递名称：天天快递
[2017-08-17 16:19:30,142] - logger.py] - INFO: 测试url地址：http://www.kuaidi.com/index-ajaxselectcourierinfo-560697415000-tiantian.html
[2017-08-17 16:19:30,967] - logger.py] - INFO: 获取请求结果：{'success': True, 'ico': '/data/upload/201407/tt_logo.gif', 'phone': '400-188-8888', 'url': 'http://www.ttkdex.com', 'status': 6, 'companytype': 'tiantian', 'nu': '560697415000', 'company': '天天快递', 'reason': '', 'data': [{'time': '2017-06-07 10:21:12', 'context': '已签收,签收人是本人'}, {'time': '2017-06-07 09:06:00', 'context': '【广州兴隆分部】的派件员【陆子文18102671862】正在派件'}, {'time': '2017-06-07 06:34:16', 'context': '快件已到达【广州兴隆分部】 扫描员是【广州兴隆分部】上一站是【广州分拨中心】'}, {'time': '2017-06-07 06:33:33', 'context': '由【广州分拨中心】发往【广州兴隆分部】'}, {'time': '2017-06-06 21:34:55', 'context': '由【广州分拨中心】发往【广州荔湾仓】'}, {'time': '2017-06-06 21:34:54', 'context': '【广州分拨中心】已进行扫描'}, {'time': '2017-06-06 21:26:51', 'context': '快件已到达【广州分拨中心】 扫描员是【胡训5】上一站是【合肥分拨中心】'}, {'time': '2017-06-05 20:26:04', 'context': '由【合肥】发往【合肥分拨中心】'}, {'time': '2017-06-05 20:26:03', 'context': '【合肥】已进行扫描'}, {'time': '2017-06-05 20:24:37', 'context': '快件已到达【合肥】 扫描员是【顾婷婷】上一站是【合肥西站分部】'}, {'time': '2017-05-31 16:17:37', 'context': '【合肥西站分部】的收件员【西站15375273010】已收件'}], 'time': '', 'rank': '2.4', 'exceed': '', 'timeused': '--'}
[2017-08-17 16:19:30,969] - logger.py] - INFO: 获取公司名称：天天快递
[2017-08-17 16:19:30,971] - logger.py] - INFO: 获取data内容：[{'time': '2017-06-07 10:21:12', 'context': '已签收,签收人是本人'}, {'time': '2017-06-07 09:06:00', 'context': '【广州兴隆分部】的派件员【陆子文18102671862】正在派件'}, {'time': '2017-06-07 06:34:16', 'context': '快件已到达【广州兴隆分部】 扫描员是【广州兴隆分部】上一站是【广州分拨中心】'}, {'time': '2017-06-07 06:33:33', 'context': '由【广州分拨中心】发往【广州兴隆分部】'}, {'time': '2017-06-06 21:34:55', 'context': '由【广州分拨中心】发往【广州荔湾仓】'}, {'time': '2017-06-06 21:34:54', 'context': '【广州分拨中心】已进行扫描'}, {'time': '2017-06-06 21:26:51', 'context': '快件已到达【广州分拨中心】 扫描员是【胡训5】上一站是【合肥分拨中心】'}, {'time': '2017-06-05 20:26:04', 'context': '由【合肥】发往【合肥分拨中心】'}, {'time': '2017-06-05 20:26:03', 'context': '【合肥】已进行扫描'}, {'time': '2017-06-05 20:24:37', 'context': '快件已到达【合肥】 扫描员是【顾婷婷】上一站是【合肥西站分部】'}, {'time': '2017-05-31 16:17:37', 'context': '【合肥西站分部】的收件员【西站15375273010】已收件'}]
[2017-08-17 16:19:30,972] - logger.py] - INFO: 获取已签收状态：已签收,签收人是本人
[2017-08-17 16:19:30,973] - logger.py] - INFO: ----------pass!-------
[2017-08-17 16:19:30,974] - logger.py] - INFO: ----------start!-------
[2017-08-17 16:19:30,975] - logger.py] - INFO: 测试单号：1202247993797  快递名称：韵达快递
[2017-08-17 16:19:30,975] - logger.py] - INFO: 测试url地址：http://www.kuaidi.com/index-ajaxselectcourierinfo-1202247993797-yunda.html
[2017-08-17 16:19:31,231] - logger.py] - INFO: 获取请求结果：{'success': True, 'ico': '/data/upload/201407/yd_logo.gif', 'phone': '95546', 'url': 'http://www.yundaex.com', 'status': 6, 'companytype': 'yunda', 'nu': '1202247993797', 'company': '韵达快递', 'reason': '', 'data': [{'time': '2016-08-21 19:47:14', 'context': '到达：贵州都匀市公司 由 已签收 签收'}, {'time': '2016-08-21 09:45:36', 'context': '到达：贵州都匀市公司 指定：小围寨分部(1111-1111111) 派送'}, {'time': '2016-08-20 06:32:38', 'context': '到达：贵州贵阳分拨中心 发往：贵州都匀市公司'}, {'time': '2016-08-20 06:17:24', 'context': '到达：贵州贵阳分拨中心 上级站点：福建晋江分拨中心'}, {'time': '2016-08-18 21:48:53', 'context': '到达：福建晋江分拨中心 发往：贵州贵阳分拨中心'}, {'time': '2016-08-18 21:46:25', 'context': '到达：福建晋江分拨中心'}, {'time': '2016-08-18 08:30:44', 'context': '到达：福建市场部台江服务部 已揽件'}, {'time': '2016-08-18 06:48:19', 'context': '到达：福建市场部台江服务部 发往：贵州贵阳分拨中心'}, {'time': '2016-08-18 06:37:54', 'context': '到达：福建市场部台江服务部 已揽件'}, {'time': '2016-08-18 05:51:57', 'context': '到达：福建市场部台江服务部 已揽件'}], 'time': '', 'rank': '2.5', 'exceed': '', 'timeused': '--'}
[2017-08-17 16:19:31,232] - logger.py] - INFO: 获取公司名称：韵达快递
[2017-08-17 16:19:31,232] - logger.py] - INFO: 获取data内容：[{'time': '2016-08-21 19:47:14', 'context': '到达：贵州都匀市公司 由 已签收 签收'}, {'time': '2016-08-21 09:45:36', 'context': '到达：贵州都匀市公司 指定：小围寨分部(1111-1111111) 派送'}, {'time': '2016-08-20 06:32:38', 'context': '到达：贵州贵阳分拨中心 发往：贵州都匀市公司'}, {'time': '2016-08-20 06:17:24', 'context': '到达：贵州贵阳分拨中心 上级站点：福建晋江分拨中心'}, {'time': '2016-08-18 21:48:53', 'context': '到达：福建晋江分拨中心 发往：贵州贵阳分拨中心'}, {'time': '2016-08-18 21:46:25', 'context': '到达：福建晋江分拨中心'}, {'time': '2016-08-18 08:30:44', 'context': '到达：福建市场部台江服务部 已揽件'}, {'time': '2016-08-18 06:48:19', 'context': '到达：福建市场部台江服务部 发往：贵州贵阳分拨中心'}, {'time': '2016-08-18 06:37:54', 'context': '到达：福建市场部台江服务部 已揽件'}, {'time': '2016-08-18 05:51:57', 'context': '到达：福建市场部台江服务部 已揽件'}]
[2017-08-17 16:19:31,233] - logger.py] - INFO: 获取已签收状态：到达：贵州都匀市公司 由 已签收 签收
[2017-08-17 16:19:31,234] - logger.py] - INFO: ----------pass!-------
[2017-08-17 16:19:31,235] - logger.py] - INFO: ------start!--------
[2017-08-17 16:19:31,235] - logger.py] - INFO: 第一步：登录
[2017-08-17 16:19:36,721] - logger.py] - INFO: ------start!--------
[2017-08-17 16:25:16,279] - logger.py] - INFO: ------登录成功用例：start!---------
[2017-08-17 16:25:16,280] - logger.py] - INFO: 输入正确账号：这里是抓包后获取的博客园的加密账号
[2017-08-17 16:25:16,280] - logger.py] - INFO: 输入正确密码：这里是抓包后获取的博客园的加密密码
[2017-08-17 16:25:19,871] - logger.py] - INFO: ------登录失败用例：start!---------
[2017-08-17 16:25:19,872] - logger.py] - INFO: 输入正确账号：这里是抓包后获取的博客园的加密账号
[2017-08-17 16:25:19,873] - logger.py] - INFO: 输入错误密码：这里是抓包后获取的博客园的加密账号
[2017-08-17 16:25:19,999] - logger.py] - INFO: ----------start!-------
[2017-08-17 16:25:20,000] - logger.py] - INFO: 测试单号：560697415000  快递名称：天天快递
[2017-08-17 16:25:20,000] - logger.py] - INFO: 测试url地址：http://www.kuaidi.com/index-ajaxselectcourierinfo-560697415000-tiantian.html
[2017-08-17 16:25:20,983] - logger.py] - INFO: 获取请求结果：{'success': True, 'ico': '/data/upload/201407/tt_logo.gif', 'phone': '400-188-8888', 'url': 'http://www.ttkdex.com', 'status': 6, 'companytype': 'tiantian', 'nu': '560697415000', 'company': '天天快递', 'reason': '', 'data': [{'time': '2017-06-07 10:21:12', 'context': '已签收,签收人是本人'}, {'time': '2017-06-07 09:06:00', 'context': '【广州兴隆分部】的派件员【陆子文18102671862】正在派件'}, {'time': '2017-06-07 06:34:16', 'context': '快件已到达【广州兴隆分部】 扫描员是【广州兴隆分部】上一站是【广州分拨中心】'}, {'time': '2017-06-07 06:33:33', 'context': '由【广州分拨中心】发往【广州兴隆分部】'}, {'time': '2017-06-06 21:34:55', 'context': '由【广州分拨中心】发往【广州荔湾仓】'}, {'time': '2017-06-06 21:34:54', 'context': '【广州分拨中心】已进行扫描'}, {'time': '2017-06-06 21:26:51', 'context': '快件已到达【广州分拨中心】 扫描员是【胡训5】上一站是【合肥分拨中心】'}, {'time': '2017-06-05 20:26:04', 'context': '由【合肥】发往【合肥分拨中心】'}, {'time': '2017-06-05 20:26:03', 'context': '【合肥】已进行扫描'}, {'time': '2017-06-05 20:24:37', 'context': '快件已到达【合肥】 扫描员是【顾婷婷】上一站是【合肥西站分部】'}, {'time': '2017-05-31 16:17:37', 'context': '【合肥西站分部】的收件员【西站15375273010】已收件'}], 'time': '', 'rank': '2.4', 'exceed': '', 'timeused': '--'}
[2017-08-17 16:25:20,984] - logger.py] - INFO: 获取公司名称：天天快递
[2017-08-17 16:25:20,986] - logger.py] - INFO: 获取data内容：[{'time': '2017-06-07 10:21:12', 'context': '已签收,签收人是本人'}, {'time': '2017-06-07 09:06:00', 'context': '【广州兴隆分部】的派件员【陆子文18102671862】正在派件'}, {'time': '2017-06-07 06:34:16', 'context': '快件已到达【广州兴隆分部】 扫描员是【广州兴隆分部】上一站是【广州分拨中心】'}, {'time': '2017-06-07 06:33:33', 'context': '由【广州分拨中心】发往【广州兴隆分部】'}, {'time': '2017-06-06 21:34:55', 'context': '由【广州分拨中心】发往【广州荔湾仓】'}, {'time': '2017-06-06 21:34:54', 'context': '【广州分拨中心】已进行扫描'}, {'time': '2017-06-06 21:26:51', 'context': '快件已到达【广州分拨中心】 扫描员是【胡训5】上一站是【合肥分拨中心】'}, {'time': '2017-06-05 20:26:04', 'context': '由【合肥】发往【合肥分拨中心】'}, {'time': '2017-06-05 20:26:03', 'context': '【合肥】已进行扫描'}, {'time': '2017-06-05 20:24:37', 'context': '快件已到达【合肥】 扫描员是【顾婷婷】上一站是【合肥西站分部】'}, {'time': '2017-05-31 16:17:37', 'context': '【合肥西站分部】的收件员【西站15375273010】已收件'}]
[2017-08-17 16:25:20,987] - logger.py] - INFO: 获取已签收状态：已签收,签收人是本人
[2017-08-17 16:25:20,988] - logger.py] - INFO: ----------pass!-------
[2017-08-17 16:25:20,989] - logger.py] - INFO: ----------start!-------
[2017-08-17 16:25:20,990] - logger.py] - INFO: 测试单号：1202247993797  快递名称：韵达快递
[2017-08-17 16:25:20,991] - logger.py] - INFO: 测试url地址：http://www.kuaidi.com/index-ajaxselectcourierinfo-1202247993797-yunda.html
[2017-08-17 16:25:21,753] - logger.py] - INFO: 获取请求结果：{'success': True, 'ico': '/data/upload/201407/yd_logo.gif', 'phone': '95546', 'url': 'http://www.yundaex.com', 'status': 6, 'companytype': 'yunda', 'nu': '1202247993797', 'company': '韵达快递', 'reason': '', 'data': [{'time': '2016-08-21 19:47:14', 'context': '到达：贵州都匀市公司 由 已签收 签收'}, {'time': '2016-08-21 09:45:36', 'context': '到达：贵州都匀市公司 指定：小围寨分部(1111-1111111) 派送'}, {'time': '2016-08-20 06:32:38', 'context': '到达：贵州贵阳分拨中心 发往：贵州都匀市公司'}, {'time': '2016-08-20 06:17:24', 'context': '到达：贵州贵阳分拨中心 上级站点：福建晋江分拨中心'}, {'time': '2016-08-18 21:48:53', 'context': '到达：福建晋江分拨中心 发往：贵州贵阳分拨中心'}, {'time': '2016-08-18 21:46:25', 'context': '到达：福建晋江分拨中心'}, {'time': '2016-08-18 08:30:44', 'context': '到达：福建市场部台江服务部 已揽件'}, {'time': '2016-08-18 06:48:19', 'context': '到达：福建市场部台江服务部 发往：贵州贵阳分拨中心'}, {'time': '2016-08-18 06:37:54', 'context': '到达：福建市场部台江服务部 已揽件'}, {'time': '2016-08-18 05:51:57', 'context': '到达：福建市场部台江服务部 已揽件'}], 'time': '', 'rank': '2.5', 'exceed': '', 'timeused': '--'}
[2017-08-17 16:25:21,755] - logger.py] - INFO: 获取公司名称：韵达快递
[2017-08-17 16:25:21,756] - logger.py] - INFO: 获取data内容：[{'time': '2016-08-21 19:47:14', 'context': '到达：贵州都匀市公司 由 已签收 签收'}, {'time': '2016-08-21 09:45:36', 'context': '到达：贵州都匀市公司 指定：小围寨分部(1111-1111111) 派送'}, {'time': '2016-08-20 06:32:38', 'context': '到达：贵州贵阳分拨中心 发往：贵州都匀市公司'}, {'time': '2016-08-20 06:17:24', 'context': '到达：贵州贵阳分拨中心 上级站点：福建晋江分拨中心'}, {'time': '2016-08-18 21:48:53', 'context': '到达：福建晋江分拨中心 发往：贵州贵阳分拨中心'}, {'time': '2016-08-18 21:46:25', 'context': '到达：福建晋江分拨中心'}, {'time': '2016-08-18 08:30:44', 'context': '到达：福建市场部台江服务部 已揽件'}, {'time': '2016-08-18 06:48:19', 'context': '到达：福建市场部台江服务部 发往：贵州贵阳分拨中心'}, {'time': '2016-08-18 06:37:54', 'context': '到达：福建市场部台江服务部 已揽件'}, {'time': '2016-08-18 05:51:57', 'context': '到达：福建市场部台江服务部 已揽件'}]
[2017-08-17 16:25:21,756] - logger.py] - INFO: 获取已签收状态：到达：贵州都匀市公司 由 已签收 签收
[2017-08-17 16:25:21,757] - logger.py] - INFO: ----------pass!-------
[2017-08-17 16:25:21,759] - logger.py] - INFO: ------start!--------
[2017-08-17 16:25:21,760] - logger.py] - INFO: 第一步：登录
[2017-08-17 16:25:21,881] - logger.py] - INFO: ------start!--------
[2017-08-17 16:28:21,063] - logger.py] - INFO: ------登录成功用例：start!---------
[2017-08-17 16:28:21,064] - logger.py] - INFO: 输入正确账号：这里是抓包后获取的博客园的加密账号
[2017-08-17 16:28:21,066] - logger.py] - INFO: 输入正确密码：这里是抓包后获取的博客园的加密密码
[2017-08-17 16:28:21,780] - logger.py] - INFO: ------登录失败用例：start!---------
[2017-08-17 16:28:21,781] - logger.py] - INFO: 输入正确账号：这里是抓包后获取的博客园的加密账号
[2017-08-17 16:28:21,782] - logger.py] - INFO: 输入错误密码：这里是抓包后获取的博客园的加密账号
[2017-08-17 16:28:21,923] - logger.py] - INFO: ----------start!-------
[2017-08-17 16:28:21,924] - logger.py] - INFO: 测试单号：560697415000  快递名称：天天快递
[2017-08-17 16:28:21,929] - logger.py] - INFO: 测试url地址：http://www.kuaidi.com/index-ajaxselectcourierinfo-560697415000-tiantian.html
[2017-08-17 16:28:22,234] - logger.py] - INFO: 获取请求结果：{'success': True, 'ico': '/data/upload/201407/tt_logo.gif', 'phone': '400-188-8888', 'url': 'http://www.ttkdex.com', 'status': 6, 'companytype': 'tiantian', 'nu': '560697415000', 'company': '天天快递', 'reason': '', 'data': [{'time': '2017-06-07 10:21:12', 'context': '已签收,签收人是本人'}, {'time': '2017-06-07 09:06:00', 'context': '【广州兴隆分部】的派件员【陆子文18102671862】正在派件'}, {'time': '2017-06-07 06:34:16', 'context': '快件已到达【广州兴隆分部】 扫描员是【广州兴隆分部】上一站是【广州分拨中心】'}, {'time': '2017-06-07 06:33:33', 'context': '由【广州分拨中心】发往【广州兴隆分部】'}, {'time': '2017-06-06 21:34:55', 'context': '由【广州分拨中心】发往【广州荔湾仓】'}, {'time': '2017-06-06 21:34:54', 'context': '【广州分拨中心】已进行扫描'}, {'time': '2017-06-06 21:26:51', 'context': '快件已到达【广州分拨中心】 扫描员是【胡训5】上一站是【合肥分拨中心】'}, {'time': '2017-06-05 20:26:04', 'context': '由【合肥】发往【合肥分拨中心】'}, {'time': '2017-06-05 20:26:03', 'context': '【合肥】已进行扫描'}, {'time': '2017-06-05 20:24:37', 'context': '快件已到达【合肥】 扫描员是【顾婷婷】上一站是【合肥西站分部】'}, {'time': '2017-05-31 16:17:37', 'context': '【合肥西站分部】的收件员【西站15375273010】已收件'}], 'time': '', 'rank': '2.4', 'exceed': '', 'timeused': '--'}
[2017-08-17 16:28:22,234] - logger.py] - INFO: 获取公司名称：天天快递
[2017-08-17 16:28:22,236] - logger.py] - INFO: 获取data内容：[{'time': '2017-06-07 10:21:12', 'context': '已签收,签收人是本人'}, {'time': '2017-06-07 09:06:00', 'context': '【广州兴隆分部】的派件员【陆子文18102671862】正在派件'}, {'time': '2017-06-07 06:34:16', 'context': '快件已到达【广州兴隆分部】 扫描员是【广州兴隆分部】上一站是【广州分拨中心】'}, {'time': '2017-06-07 06:33:33', 'context': '由【广州分拨中心】发往【广州兴隆分部】'}, {'time': '2017-06-06 21:34:55', 'context': '由【广州分拨中心】发往【广州荔湾仓】'}, {'time': '2017-06-06 21:34:54', 'context': '【广州分拨中心】已进行扫描'}, {'time': '2017-06-06 21:26:51', 'context': '快件已到达【广州分拨中心】 扫描员是【胡训5】上一站是【合肥分拨中心】'}, {'time': '2017-06-05 20:26:04', 'context': '由【合肥】发往【合肥分拨中心】'}, {'time': '2017-06-05 20:26:03', 'context': '【合肥】已进行扫描'}, {'time': '2017-06-05 20:24:37', 'context': '快件已到达【合肥】 扫描员是【顾婷婷】上一站是【合肥西站分部】'}, {'time': '2017-05-31 16:17:37', 'context': '【合肥西站分部】的收件员【西站15375273010】已收件'}]
[2017-08-17 16:28:22,237] - logger.py] - INFO: 获取已签收状态：已签收,签收人是本人
[2017-08-17 16:28:22,238] - logger.py] - INFO: ----------pass!-------
[2017-08-17 16:28:22,239] - logger.py] - INFO: ----------start!-------
[2017-08-17 16:28:22,239] - logger.py] - INFO: 测试单号：1202247993797  快递名称：韵达快递
[2017-08-17 16:28:22,240] - logger.py] - INFO: 测试url地址：http://www.kuaidi.com/index-ajaxselectcourierinfo-1202247993797-yunda.html
[2017-08-17 16:28:22,593] - logger.py] - INFO: 获取请求结果：{'success': True, 'ico': '/data/upload/201407/yd_logo.gif', 'phone': '95546', 'url': 'http://www.yundaex.com', 'status': 6, 'companytype': 'yunda', 'nu': '1202247993797', 'company': '韵达快递', 'reason': '', 'data': [{'time': '2016-08-21 19:47:14', 'context': '到达：贵州都匀市公司 由 已签收 签收'}, {'time': '2016-08-21 09:45:36', 'context': '到达：贵州都匀市公司 指定：小围寨分部(1111-1111111) 派送'}, {'time': '2016-08-20 06:32:38', 'context': '到达：贵州贵阳分拨中心 发往：贵州都匀市公司'}, {'time': '2016-08-20 06:17:24', 'context': '到达：贵州贵阳分拨中心 上级站点：福建晋江分拨中心'}, {'time': '2016-08-18 21:48:53', 'context': '到达：福建晋江分拨中心 发往：贵州贵阳分拨中心'}, {'time': '2016-08-18 21:46:25', 'context': '到达：福建晋江分拨中心'}, {'time': '2016-08-18 08:30:44', 'context': '到达：福建市场部台江服务部 已揽件'}, {'time': '2016-08-18 06:48:19', 'context': '到达：福建市场部台江服务部 发往：贵州贵阳分拨中心'}, {'time': '2016-08-18 06:37:54', 'context': '到达：福建市场部台江服务部 已揽件'}, {'time': '2016-08-18 05:51:57', 'context': '到达：福建市场部台江服务部 已揽件'}], 'time': '', 'rank': '2.5', 'exceed': '', 'timeused': '--'}
[2017-08-17 16:28:22,594] - logger.py] - INFO: 获取公司名称：韵达快递
[2017-08-17 16:28:22,595] - logger.py] - INFO: 获取data内容：[{'time': '2016-08-21 19:47:14', 'context': '到达：贵州都匀市公司 由 已签收 签收'}, {'time': '2016-08-21 09:45:36', 'context': '到达：贵州都匀市公司 指定：小围寨分部(1111-1111111) 派送'}, {'time': '2016-08-20 06:32:38', 'context': '到达：贵州贵阳分拨中心 发往：贵州都匀市公司'}, {'time': '2016-08-20 06:17:24', 'context': '到达：贵州贵阳分拨中心 上级站点：福建晋江分拨中心'}, {'time': '2016-08-18 21:48:53', 'context': '到达：福建晋江分拨中心 发往：贵州贵阳分拨中心'}, {'time': '2016-08-18 21:46:25', 'context': '到达：福建晋江分拨中心'}, {'time': '2016-08-18 08:30:44', 'context': '到达：福建市场部台江服务部 已揽件'}, {'time': '2016-08-18 06:48:19', 'context': '到达：福建市场部台江服务部 发往：贵州贵阳分拨中心'}, {'time': '2016-08-18 06:37:54', 'context': '到达：福建市场部台江服务部 已揽件'}, {'time': '2016-08-18 05:51:57', 'context': '到达：福建市场部台江服务部 已揽件'}]
[2017-08-17 16:28:22,596] - logger.py] - INFO: 获取已签收状态：到达：贵州都匀市公司 由 已签收 签收
[2017-08-17 16:28:22,597] - logger.py] - INFO: ----------pass!-------
[2017-08-17 16:28:22,600] - logger.py] - INFO: ------start!--------
[2017-08-17 16:28:22,601] - logger.py] - INFO: 第一步：登录
[2017-08-17 16:28:22,714] - logger.py] - INFO: ------start!--------
[2017-08-17 16:37:30,133] - logger.py] - INFO: ------登录成功用例：start!---------
[2017-08-17 16:37:30,134] - logger.py] - INFO: 输入正确账号：这里是抓包后获取的博客园的加密账号
[2017-08-17 16:37:30,135] - logger.py] - INFO: 输入正确密码：这里是抓包后获取的博客园的加密密码
[2017-08-17 16:37:30,793] - logger.py] - INFO: ------登录失败用例：start!---------
[2017-08-17 16:37:30,794] - logger.py] - INFO: 输入正确账号：这里是抓包后获取的博客园的加密账号
[2017-08-17 16:37:30,795] - logger.py] - INFO: 输入错误密码：这里是抓包后获取的博客园的加密账号
[2017-08-17 16:37:33,917] - logger.py] - INFO: ----------start!-------
[2017-08-17 16:37:33,918] - logger.py] - INFO: 测试单号：560697415000  快递名称：天天快递
[2017-08-17 16:37:33,920] - logger.py] - INFO: 测试url地址：http://www.kuaidi.com/index-ajaxselectcourierinfo-560697415000-tiantian.html
[2017-08-17 16:37:35,399] - logger.py] - INFO: 获取请求结果：{'success': True, 'ico': '/data/upload/201407/tt_logo.gif', 'phone': '400-188-8888', 'url': 'http://www.ttkdex.com', 'status': 6, 'companytype': 'tiantian', 'nu': '560697415000', 'company': '天天快递', 'reason': '', 'data': [{'time': '2017-06-07 10:21:12', 'context': '已签收,签收人是本人'}, {'time': '2017-06-07 09:06:00', 'context': '【广州兴隆分部】的派件员【陆子文18102671862】正在派件'}, {'time': '2017-06-07 06:34:16', 'context': '快件已到达【广州兴隆分部】 扫描员是【广州兴隆分部】上一站是【广州分拨中心】'}, {'time': '2017-06-07 06:33:33', 'context': '由【广州分拨中心】发往【广州兴隆分部】'}, {'time': '2017-06-06 21:34:55', 'context': '由【广州分拨中心】发往【广州荔湾仓】'}, {'time': '2017-06-06 21:34:54', 'context': '【广州分拨中心】已进行扫描'}, {'time': '2017-06-06 21:26:51', 'context': '快件已到达【广州分拨中心】 扫描员是【胡训5】上一站是【合肥分拨中心】'}, {'time': '2017-06-05 20:26:04', 'context': '由【合肥】发往【合肥分拨中心】'}, {'time': '2017-06-05 20:26:03', 'context': '【合肥】已进行扫描'}, {'time': '2017-06-05 20:24:37', 'context': '快件已到达【合肥】 扫描员是【顾婷婷】上一站是【合肥西站分部】'}, {'time': '2017-05-31 16:17:37', 'context': '【合肥西站分部】的收件员【西站15375273010】已收件'}], 'time': '', 'rank': '2.4', 'exceed': '', 'timeused': '--'}
[2017-08-17 16:37:35,400] - logger.py] - INFO: 获取公司名称：天天快递
[2017-08-17 16:37:35,401] - logger.py] - INFO: 获取data内容：[{'time': '2017-06-07 10:21:12', 'context': '已签收,签收人是本人'}, {'time': '2017-06-07 09:06:00', 'context': '【广州兴隆分部】的派件员【陆子文18102671862】正在派件'}, {'time': '2017-06-07 06:34:16', 'context': '快件已到达【广州兴隆分部】 扫描员是【广州兴隆分部】上一站是【广州分拨中心】'}, {'time': '2017-06-07 06:33:33', 'context': '由【广州分拨中心】发往【广州兴隆分部】'}, {'time': '2017-06-06 21:34:55', 'context': '由【广州分拨中心】发往【广州荔湾仓】'}, {'time': '2017-06-06 21:34:54', 'context': '【广州分拨中心】已进行扫描'}, {'time': '2017-06-06 21:26:51', 'context': '快件已到达【广州分拨中心】 扫描员是【胡训5】上一站是【合肥分拨中心】'}, {'time': '2017-06-05 20:26:04', 'context': '由【合肥】发往【合肥分拨中心】'}, {'time': '2017-06-05 20:26:03', 'context': '【合肥】已进行扫描'}, {'time': '2017-06-05 20:24:37', 'context': '快件已到达【合肥】 扫描员是【顾婷婷】上一站是【合肥西站分部】'}, {'time': '2017-05-31 16:17:37', 'context': '【合肥西站分部】的收件员【西站15375273010】已收件'}]
[2017-08-17 16:37:35,402] - logger.py] - INFO: 获取已签收状态：已签收,签收人是本人
[2017-08-17 16:37:35,403] - logger.py] - INFO: ----------pass!-------
[2017-08-17 16:37:35,404] - logger.py] - INFO: ----------start!-------
[2017-08-17 16:37:35,405] - logger.py] - INFO: 测试单号：1202247993797  快递名称：韵达快递
[2017-08-17 16:37:35,406] - logger.py] - INFO: 测试url地址：http://www.kuaidi.com/index-ajaxselectcourierinfo-1202247993797-yunda.html
[2017-08-17 16:37:35,627] - logger.py] - INFO: 获取请求结果：{'success': True, 'ico': '/data/upload/201407/yd_logo.gif', 'phone': '95546', 'url': 'http://www.yundaex.com', 'status': 6, 'companytype': 'yunda', 'nu': '1202247993797', 'company': '韵达快递', 'reason': '', 'data': [{'time': '2016-08-21 19:47:14', 'context': '到达：贵州都匀市公司 由 已签收 签收'}, {'time': '2016-08-21 09:45:36', 'context': '到达：贵州都匀市公司 指定：小围寨分部(1111-1111111) 派送'}, {'time': '2016-08-20 06:32:38', 'context': '到达：贵州贵阳分拨中心 发往：贵州都匀市公司'}, {'time': '2016-08-20 06:17:24', 'context': '到达：贵州贵阳分拨中心 上级站点：福建晋江分拨中心'}, {'time': '2016-08-18 21:48:53', 'context': '到达：福建晋江分拨中心 发往：贵州贵阳分拨中心'}, {'time': '2016-08-18 21:46:25', 'context': '到达：福建晋江分拨中心'}, {'time': '2016-08-18 08:30:44', 'context': '到达：福建市场部台江服务部 已揽件'}, {'time': '2016-08-18 06:48:19', 'context': '到达：福建市场部台江服务部 发往：贵州贵阳分拨中心'}, {'time': '2016-08-18 06:37:54', 'context': '到达：福建市场部台江服务部 已揽件'}, {'time': '2016-08-18 05:51:57', 'context': '到达：福建市场部台江服务部 已揽件'}], 'time': '', 'rank': '2.5', 'exceed': '', 'timeused': '--'}
[2017-08-17 16:37:35,628] - logger.py] - INFO: 获取公司名称：韵达快递
[2017-08-17 16:37:35,629] - logger.py] - INFO: 获取data内容：[{'time': '2016-08-21 19:47:14', 'context': '到达：贵州都匀市公司 由 已签收 签收'}, {'time': '2016-08-21 09:45:36', 'context': '到达：贵州都匀市公司 指定：小围寨分部(1111-1111111) 派送'}, {'time': '2016-08-20 06:32:38', 'context': '到达：贵州贵阳分拨中心 发往：贵州都匀市公司'}, {'time': '2016-08-20 06:17:24', 'context': '到达：贵州贵阳分拨中心 上级站点：福建晋江分拨中心'}, {'time': '2016-08-18 21:48:53', 'context': '到达：福建晋江分拨中心 发往：贵州贵阳分拨中心'}, {'time': '2016-08-18 21:46:25', 'context': '到达：福建晋江分拨中心'}, {'time': '2016-08-18 08:30:44', 'context': '到达：福建市场部台江服务部 已揽件'}, {'time': '2016-08-18 06:48:19', 'context': '到达：福建市场部台江服务部 发往：贵州贵阳分拨中心'}, {'time': '2016-08-18 06:37:54', 'context': '到达：福建市场部台江服务部 已揽件'}, {'time': '2016-08-18 05:51:57', 'context': '到达：福建市场部台江服务部 已揽件'}]
[2017-08-17 16:37:35,630] - logger.py] - INFO: 获取已签收状态：到达：贵州都匀市公司 由 已签收 签收
[2017-08-17 16:37:35,631] - logger.py] - INFO: ----------pass!-------
[2017-08-17 16:37:35,632] - logger.py] - INFO: ------start!--------
[2017-08-17 16:37:35,633] - logger.py] - INFO: 第一步：登录
[2017-08-17 16:37:35,753] - logger.py] - INFO: ------start!--------
[2017-08-17 16:41:35,978] - logger.py] - INFO: ------登录成功用例：start!---------
[2017-08-17 16:41:35,979] - logger.py] - INFO: 输入正确账号：这里是抓包后获取的博客园的加密账号
[2017-08-17 16:41:35,979] - logger.py] - INFO: 输入正确密码：这里是抓包后获取的博客园的加密密码
[2017-08-17 16:41:36,636] - logger.py] - INFO: ------登录失败用例：start!---------
[2017-08-17 16:41:36,637] - logger.py] - INFO: 输入正确账号：这里是抓包后获取的博客园的加密账号
[2017-08-17 16:41:36,660] - logger.py] - INFO: 输入错误密码：这里是抓包后获取的博客园的加密账号
[2017-08-17 16:41:36,786] - logger.py] - INFO: ----------start!-------
[2017-08-17 16:41:36,786] - logger.py] - INFO: 测试单号：560697415000  快递名称：天天快递
[2017-08-17 16:41:36,787] - logger.py] - INFO: 测试url地址：http://www.kuaidi.com/index-ajaxselectcourierinfo-560697415000-tiantian.html
[2017-08-17 16:41:37,040] - logger.py] - INFO: 获取请求结果：{'success': True, 'ico': '/data/upload/201407/tt_logo.gif', 'phone': '400-188-8888', 'url': 'http://www.ttkdex.com', 'status': 6, 'companytype': 'tiantian', 'nu': '560697415000', 'company': '天天快递', 'reason': '', 'data': [{'time': '2017-06-07 10:21:12', 'context': '已签收,签收人是本人'}, {'time': '2017-06-07 09:06:00', 'context': '【广州兴隆分部】的派件员【陆子文18102671862】正在派件'}, {'time': '2017-06-07 06:34:16', 'context': '快件已到达【广州兴隆分部】 扫描员是【广州兴隆分部】上一站是【广州分拨中心】'}, {'time': '2017-06-07 06:33:33', 'context': '由【广州分拨中心】发往【广州兴隆分部】'}, {'time': '2017-06-06 21:34:55', 'context': '由【广州分拨中心】发往【广州荔湾仓】'}, {'time': '2017-06-06 21:34:54', 'context': '【广州分拨中心】已进行扫描'}, {'time': '2017-06-06 21:26:51', 'context': '快件已到达【广州分拨中心】 扫描员是【胡训5】上一站是【合肥分拨中心】'}, {'time': '2017-06-05 20:26:04', 'context': '由【合肥】发往【合肥分拨中心】'}, {'time': '2017-06-05 20:26:03', 'context': '【合肥】已进行扫描'}, {'time': '2017-06-05 20:24:37', 'context': '快件已到达【合肥】 扫描员是【顾婷婷】上一站是【合肥西站分部】'}, {'time': '2017-05-31 16:17:37', 'context': '【合肥西站分部】的收件员【西站15375273010】已收件'}], 'time': '', 'rank': '2.4', 'exceed': '', 'timeused': '--'}
[2017-08-17 16:41:37,041] - logger.py] - INFO: 获取公司名称：天天快递
[2017-08-17 16:41:37,042] - logger.py] - INFO: 获取data内容：[{'time': '2017-06-07 10:21:12', 'context': '已签收,签收人是本人'}, {'time': '2017-06-07 09:06:00', 'context': '【广州兴隆分部】的派件员【陆子文18102671862】正在派件'}, {'time': '2017-06-07 06:34:16', 'context': '快件已到达【广州兴隆分部】 扫描员是【广州兴隆分部】上一站是【广州分拨中心】'}, {'time': '2017-06-07 06:33:33', 'context': '由【广州分拨中心】发往【广州兴隆分部】'}, {'time': '2017-06-06 21:34:55', 'context': '由【广州分拨中心】发往【广州荔湾仓】'}, {'time': '2017-06-06 21:34:54', 'context': '【广州分拨中心】已进行扫描'}, {'time': '2017-06-06 21:26:51', 'context': '快件已到达【广州分拨中心】 扫描员是【胡训5】上一站是【合肥分拨中心】'}, {'time': '2017-06-05 20:26:04', 'context': '由【合肥】发往【合肥分拨中心】'}, {'time': '2017-06-05 20:26:03', 'context': '【合肥】已进行扫描'}, {'time': '2017-06-05 20:24:37', 'context': '快件已到达【合肥】 扫描员是【顾婷婷】上一站是【合肥西站分部】'}, {'time': '2017-05-31 16:17:37', 'context': '【合肥西站分部】的收件员【西站15375273010】已收件'}]
[2017-08-17 16:41:37,043] - logger.py] - INFO: 获取已签收状态：已签收,签收人是本人
[2017-08-17 16:41:37,044] - logger.py] - INFO: ----------pass!-------
[2017-08-17 16:41:37,045] - logger.py] - INFO: ----------start!-------
[2017-08-17 16:41:37,045] - logger.py] - INFO: 测试单号：1202247993797  快递名称：韵达快递
[2017-08-17 16:41:37,046] - logger.py] - INFO: 测试url地址：http://www.kuaidi.com/index-ajaxselectcourierinfo-1202247993797-yunda.html
[2017-08-17 16:41:37,312] - logger.py] - INFO: 获取请求结果：{'success': True, 'ico': '/data/upload/201407/yd_logo.gif', 'phone': '95546', 'url': 'http://www.yundaex.com', 'status': 6, 'companytype': 'yunda', 'nu': '1202247993797', 'company': '韵达快递', 'reason': '', 'data': [{'time': '2016-08-21 19:47:14', 'context': '到达：贵州都匀市公司 由 已签收 签收'}, {'time': '2016-08-21 09:45:36', 'context': '到达：贵州都匀市公司 指定：小围寨分部(1111-1111111) 派送'}, {'time': '2016-08-20 06:32:38', 'context': '到达：贵州贵阳分拨中心 发往：贵州都匀市公司'}, {'time': '2016-08-20 06:17:24', 'context': '到达：贵州贵阳分拨中心 上级站点：福建晋江分拨中心'}, {'time': '2016-08-18 21:48:53', 'context': '到达：福建晋江分拨中心 发往：贵州贵阳分拨中心'}, {'time': '2016-08-18 21:46:25', 'context': '到达：福建晋江分拨中心'}, {'time': '2016-08-18 08:30:44', 'context': '到达：福建市场部台江服务部 已揽件'}, {'time': '2016-08-18 06:48:19', 'context': '到达：福建市场部台江服务部 发往：贵州贵阳分拨中心'}, {'time': '2016-08-18 06:37:54', 'context': '到达：福建市场部台江服务部 已揽件'}, {'time': '2016-08-18 05:51:57', 'context': '到达：福建市场部台江服务部 已揽件'}], 'time': '', 'rank': '2.5', 'exceed': '', 'timeused': '--'}
[2017-08-17 16:41:37,313] - logger.py] - INFO: 获取公司名称：韵达快递
[2017-08-17 16:41:37,315] - logger.py] - INFO: 获取data内容：[{'time': '2016-08-21 19:47:14', 'context': '到达：贵州都匀市公司 由 已签收 签收'}, {'time': '2016-08-21 09:45:36', 'context': '到达：贵州都匀市公司 指定：小围寨分部(1111-1111111) 派送'}, {'time': '2016-08-20 06:32:38', 'context': '到达：贵州贵阳分拨中心 发往：贵州都匀市公司'}, {'time': '2016-08-20 06:17:24', 'context': '到达：贵州贵阳分拨中心 上级站点：福建晋江分拨中心'}, {'time': '2016-08-18 21:48:53', 'context': '到达：福建晋江分拨中心 发往：贵州贵阳分拨中心'}, {'time': '2016-08-18 21:46:25', 'context': '到达：福建晋江分拨中心'}, {'time': '2016-08-18 08:30:44', 'context': '到达：福建市场部台江服务部 已揽件'}, {'time': '2016-08-18 06:48:19', 'context': '到达：福建市场部台江服务部 发往：贵州贵阳分拨中心'}, {'time': '2016-08-18 06:37:54', 'context': '到达：福建市场部台江服务部 已揽件'}, {'time': '2016-08-18 05:51:57', 'context': '到达：福建市场部台江服务部 已揽件'}]
[2017-08-17 16:41:37,316] - logger.py] - INFO: 获取已签收状态：到达：贵州都匀市公司 由 已签收 签收
[2017-08-17 16:41:37,317] - logger.py] - INFO: ----------pass!-------
[2017-08-17 16:41:37,319] - logger.py] - INFO: ------start!--------
[2017-08-17 16:41:37,320] - logger.py] - INFO: 第一步：登录
[2017-08-17 16:41:37,441] - logger.py] - INFO: ------start!--------
[2017-08-17 16:44:25,574] - logger.py] - INFO: ------登录成功用例：start!---------
[2017-08-17 16:44:25,575] - logger.py] - INFO: 输入正确账号：这里是抓包后获取的博客园的加密账号
[2017-08-17 16:44:25,576] - logger.py] - INFO: 输入正确密码：这里是抓包后获取的博客园的加密密码
[2017-08-17 16:44:26,163] - logger.py] - INFO: ------登录失败用例：start!---------
[2017-08-17 16:44:26,164] - logger.py] - INFO: 输入正确账号：这里是抓包后获取的博客园的加密账号
[2017-08-17 16:44:26,165] - logger.py] - INFO: 输入错误密码：这里是抓包后获取的博客园的加密账号
[2017-08-17 16:44:26,294] - logger.py] - INFO: ----------start!-------
[2017-08-17 16:44:26,295] - logger.py] - INFO: 测试单号：560697415000  快递名称：天天快递
[2017-08-17 16:44:26,296] - logger.py] - INFO: 测试url地址：http://www.kuaidi.com/index-ajaxselectcourierinfo-560697415000-tiantian.html
[2017-08-17 16:44:26,533] - logger.py] - INFO: 获取请求结果：{'success': True, 'ico': '/data/upload/201407/tt_logo.gif', 'phone': '400-188-8888', 'url': 'http://www.ttkdex.com', 'status': 6, 'companytype': 'tiantian', 'nu': '560697415000', 'company': '天天快递', 'reason': '', 'data': [{'time': '2017-06-07 10:21:12', 'context': '已签收,签收人是本人'}, {'time': '2017-06-07 09:06:00', 'context': '【广州兴隆分部】的派件员【陆子文18102671862】正在派件'}, {'time': '2017-06-07 06:34:16', 'context': '快件已到达【广州兴隆分部】 扫描员是【广州兴隆分部】上一站是【广州分拨中心】'}, {'time': '2017-06-07 06:33:33', 'context': '由【广州分拨中心】发往【广州兴隆分部】'}, {'time': '2017-06-06 21:34:55', 'context': '由【广州分拨中心】发往【广州荔湾仓】'}, {'time': '2017-06-06 21:34:54', 'context': '【广州分拨中心】已进行扫描'}, {'time': '2017-06-06 21:26:51', 'context': '快件已到达【广州分拨中心】 扫描员是【胡训5】上一站是【合肥分拨中心】'}, {'time': '2017-06-05 20:26:04', 'context': '由【合肥】发往【合肥分拨中心】'}, {'time': '2017-06-05 20:26:03', 'context': '【合肥】已进行扫描'}, {'time': '2017-06-05 20:24:37', 'context': '快件已到达【合肥】 扫描员是【顾婷婷】上一站是【合肥西站分部】'}, {'time': '2017-05-31 16:17:37', 'context': '【合肥西站分部】的收件员【西站15375273010】已收件'}], 'time': '', 'rank': '2.4', 'exceed': '', 'timeused': '--'}
[2017-08-17 16:44:26,534] - logger.py] - INFO: 获取公司名称：天天快递
[2017-08-17 16:44:26,535] - logger.py] - INFO: 获取data内容：[{'time': '2017-06-07 10:21:12', 'context': '已签收,签收人是本人'}, {'time': '2017-06-07 09:06:00', 'context': '【广州兴隆分部】的派件员【陆子文18102671862】正在派件'}, {'time': '2017-06-07 06:34:16', 'context': '快件已到达【广州兴隆分部】 扫描员是【广州兴隆分部】上一站是【广州分拨中心】'}, {'time': '2017-06-07 06:33:33', 'context': '由【广州分拨中心】发往【广州兴隆分部】'}, {'time': '2017-06-06 21:34:55', 'context': '由【广州分拨中心】发往【广州荔湾仓】'}, {'time': '2017-06-06 21:34:54', 'context': '【广州分拨中心】已进行扫描'}, {'time': '2017-06-06 21:26:51', 'context': '快件已到达【广州分拨中心】 扫描员是【胡训5】上一站是【合肥分拨中心】'}, {'time': '2017-06-05 20:26:04', 'context': '由【合肥】发往【合肥分拨中心】'}, {'time': '2017-06-05 20:26:03', 'context': '【合肥】已进行扫描'}, {'time': '2017-06-05 20:24:37', 'context': '快件已到达【合肥】 扫描员是【顾婷婷】上一站是【合肥西站分部】'}, {'time': '2017-05-31 16:17:37', 'context': '【合肥西站分部】的收件员【西站15375273010】已收件'}]
[2017-08-17 16:44:26,536] - logger.py] - INFO: 获取已签收状态：已签收,签收人是本人
[2017-08-17 16:44:26,537] - logger.py] - INFO: ----------pass!-------
[2017-08-17 16:44:26,538] - logger.py] - INFO: ----------start!-------
[2017-08-17 16:44:26,539] - logger.py] - INFO: 测试单号：1202247993797  快递名称：韵达快递
[2017-08-17 16:44:26,540] - logger.py] - INFO: 测试url地址：http://www.kuaidi.com/index-ajaxselectcourierinfo-1202247993797-yunda.html
[2017-08-17 16:44:26,800] - logger.py] - INFO: 获取请求结果：{'success': True, 'ico': '/data/upload/201407/yd_logo.gif', 'phone': '95546', 'url': 'http://www.yundaex.com', 'status': 6, 'companytype': 'yunda', 'nu': '1202247993797', 'company': '韵达快递', 'reason': '', 'data': [{'time': '2016-08-21 19:47:14', 'context': '到达：贵州都匀市公司 由 已签收 签收'}, {'time': '2016-08-21 09:45:36', 'context': '到达：贵州都匀市公司 指定：小围寨分部(1111-1111111) 派送'}, {'time': '2016-08-20 06:32:38', 'context': '到达：贵州贵阳分拨中心 发往：贵州都匀市公司'}, {'time': '2016-08-20 06:17:24', 'context': '到达：贵州贵阳分拨中心 上级站点：福建晋江分拨中心'}, {'time': '2016-08-18 21:48:53', 'context': '到达：福建晋江分拨中心 发往：贵州贵阳分拨中心'}, {'time': '2016-08-18 21:46:25', 'context': '到达：福建晋江分拨中心'}, {'time': '2016-08-18 08:30:44', 'context': '到达：福建市场部台江服务部 已揽件'}, {'time': '2016-08-18 06:48:19', 'context': '到达：福建市场部台江服务部 发往：贵州贵阳分拨中心'}, {'time': '2016-08-18 06:37:54', 'context': '到达：福建市场部台江服务部 已揽件'}, {'time': '2016-08-18 05:51:57', 'context': '到达：福建市场部台江服务部 已揽件'}], 'time': '', 'rank': '2.5', 'exceed': '', 'timeused': '--'}
[2017-08-17 16:44:26,801] - logger.py] - INFO: 获取公司名称：韵达快递
[2017-08-17 16:44:26,801] - logger.py] - INFO: 获取data内容：[{'time': '2016-08-21 19:47:14', 'context': '到达：贵州都匀市公司 由 已签收 签收'}, {'time': '2016-08-21 09:45:36', 'context': '到达：贵州都匀市公司 指定：小围寨分部(1111-1111111) 派送'}, {'time': '2016-08-20 06:32:38', 'context': '到达：贵州贵阳分拨中心 发往：贵州都匀市公司'}, {'time': '2016-08-20 06:17:24', 'context': '到达：贵州贵阳分拨中心 上级站点：福建晋江分拨中心'}, {'time': '2016-08-18 21:48:53', 'context': '到达：福建晋江分拨中心 发往：贵州贵阳分拨中心'}, {'time': '2016-08-18 21:46:25', 'context': '到达：福建晋江分拨中心'}, {'time': '2016-08-18 08:30:44', 'context': '到达：福建市场部台江服务部 已揽件'}, {'time': '2016-08-18 06:48:19', 'context': '到达：福建市场部台江服务部 发往：贵州贵阳分拨中心'}, {'time': '2016-08-18 06:37:54', 'context': '到达：福建市场部台江服务部 已揽件'}, {'time': '2016-08-18 05:51:57', 'context': '到达：福建市场部台江服务部 已揽件'}]
[2017-08-17 16:44:26,802] - logger.py] - INFO: 获取已签收状态：到达：贵州都匀市公司 由 已签收 签收
[2017-08-17 16:44:26,802] - logger.py] - INFO: ----------pass!-------
[2017-08-17 16:44:26,803] - logger.py] - INFO: ------start!--------
[2017-08-17 16:44:26,804] - logger.py] - INFO: 第一步：登录
[2017-08-17 16:44:26,940] - logger.py] - INFO: ------start!--------
[2017-08-17 16:47:27,610] - logger.py] - INFO: ------登录成功用例：start!---------
[2017-08-17 16:47:27,610] - logger.py] - INFO: 输入正确账号：这里是抓包后获取的博客园的加密账号
[2017-08-17 16:47:27,611] - logger.py] - INFO: 输入正确密码：这里是抓包后获取的博客园的加密密码
[2017-08-17 16:47:28,199] - logger.py] - INFO: ------登录失败用例：start!---------
[2017-08-17 16:47:28,200] - logger.py] - INFO: 输入正确账号：这里是抓包后获取的博客园的加密账号
[2017-08-17 16:47:28,201] - logger.py] - INFO: 输入错误密码：这里是抓包后获取的博客园的加密账号
[2017-08-17 16:47:28,327] - logger.py] - INFO: ----------start!-------
[2017-08-17 16:47:28,328] - logger.py] - INFO: 测试单号：560697415000  快递名称：天天快递
[2017-08-17 16:47:28,329] - logger.py] - INFO: 测试url地址：http://www.kuaidi.com/index-ajaxselectcourierinfo-560697415000-tiantian.html
[2017-08-17 16:47:28,754] - logger.py] - INFO: 获取请求结果：{'success': True, 'ico': '/data/upload/201407/tt_logo.gif', 'phone': '400-188-8888', 'url': 'http://www.ttkdex.com', 'status': 6, 'companytype': 'tiantian', 'nu': '560697415000', 'company': '天天快递', 'reason': '', 'data': [{'time': '2017-06-07 10:21:12', 'context': '已签收,签收人是本人'}, {'time': '2017-06-07 09:06:00', 'context': '【广州兴隆分部】的派件员【陆子文18102671862】正在派件'}, {'time': '2017-06-07 06:34:16', 'context': '快件已到达【广州兴隆分部】 扫描员是【广州兴隆分部】上一站是【广州分拨中心】'}, {'time': '2017-06-07 06:33:33', 'context': '由【广州分拨中心】发往【广州兴隆分部】'}, {'time': '2017-06-06 21:34:55', 'context': '由【广州分拨中心】发往【广州荔湾仓】'}, {'time': '2017-06-06 21:34:54', 'context': '【广州分拨中心】已进行扫描'}, {'time': '2017-06-06 21:26:51', 'context': '快件已到达【广州分拨中心】 扫描员是【胡训5】上一站是【合肥分拨中心】'}, {'time': '2017-06-05 20:26:04', 'context': '由【合肥】发往【合肥分拨中心】'}, {'time': '2017-06-05 20:26:03', 'context': '【合肥】已进行扫描'}, {'time': '2017-06-05 20:24:37', 'context': '快件已到达【合肥】 扫描员是【顾婷婷】上一站是【合肥西站分部】'}, {'time': '2017-05-31 16:17:37', 'context': '【合肥西站分部】的收件员【西站15375273010】已收件'}], 'time': '', 'rank': '2.4', 'exceed': '', 'timeused': '--'}
[2017-08-17 16:47:28,754] - logger.py] - INFO: 获取公司名称：天天快递
[2017-08-17 16:47:28,755] - logger.py] - INFO: 获取data内容：[{'time': '2017-06-07 10:21:12', 'context': '已签收,签收人是本人'}, {'time': '2017-06-07 09:06:00', 'context': '【广州兴隆分部】的派件员【陆子文18102671862】正在派件'}, {'time': '2017-06-07 06:34:16', 'context': '快件已到达【广州兴隆分部】 扫描员是【广州兴隆分部】上一站是【广州分拨中心】'}, {'time': '2017-06-07 06:33:33', 'context': '由【广州分拨中心】发往【广州兴隆分部】'}, {'time': '2017-06-06 21:34:55', 'context': '由【广州分拨中心】发往【广州荔湾仓】'}, {'time': '2017-06-06 21:34:54', 'context': '【广州分拨中心】已进行扫描'}, {'time': '2017-06-06 21:26:51', 'context': '快件已到达【广州分拨中心】 扫描员是【胡训5】上一站是【合肥分拨中心】'}, {'time': '2017-06-05 20:26:04', 'context': '由【合肥】发往【合肥分拨中心】'}, {'time': '2017-06-05 20:26:03', 'context': '【合肥】已进行扫描'}, {'time': '2017-06-05 20:24:37', 'context': '快件已到达【合肥】 扫描员是【顾婷婷】上一站是【合肥西站分部】'}, {'time': '2017-05-31 16:17:37', 'context': '【合肥西站分部】的收件员【西站15375273010】已收件'}]
[2017-08-17 16:47:28,756] - logger.py] - INFO: 获取已签收状态：已签收,签收人是本人
[2017-08-17 16:47:28,756] - logger.py] - INFO: ----------pass!-------
[2017-08-17 16:47:28,758] - logger.py] - INFO: ----------start!-------
[2017-08-17 16:47:28,759] - logger.py] - INFO: 测试单号：1202247993797  快递名称：韵达快递
[2017-08-17 16:47:28,759] - logger.py] - INFO: 测试url地址：http://www.kuaidi.com/index-ajaxselectcourierinfo-1202247993797-yunda.html
[2017-08-17 16:47:29,023] - logger.py] - INFO: 获取请求结果：{'success': True, 'ico': '/data/upload/201407/yd_logo.gif', 'phone': '95546', 'url': 'http://www.yundaex.com', 'status': 6, 'companytype': 'yunda', 'nu': '1202247993797', 'company': '韵达快递', 'reason': '', 'data': [{'time': '2016-08-21 19:47:14', 'context': '到达：贵州都匀市公司 由 已签收 签收'}, {'time': '2016-08-21 09:45:36', 'context': '到达：贵州都匀市公司 指定：小围寨分部(1111-1111111) 派送'}, {'time': '2016-08-20 06:32:38', 'context': '到达：贵州贵阳分拨中心 发往：贵州都匀市公司'}, {'time': '2016-08-20 06:17:24', 'context': '到达：贵州贵阳分拨中心 上级站点：福建晋江分拨中心'}, {'time': '2016-08-18 21:48:53', 'context': '到达：福建晋江分拨中心 发往：贵州贵阳分拨中心'}, {'time': '2016-08-18 21:46:25', 'context': '到达：福建晋江分拨中心'}, {'time': '2016-08-18 08:30:44', 'context': '到达：福建市场部台江服务部 已揽件'}, {'time': '2016-08-18 06:48:19', 'context': '到达：福建市场部台江服务部 发往：贵州贵阳分拨中心'}, {'time': '2016-08-18 06:37:54', 'context': '到达：福建市场部台江服务部 已揽件'}, {'time': '2016-08-18 05:51:57', 'context': '到达：福建市场部台江服务部 已揽件'}], 'time': '', 'rank': '2.5', 'exceed': '', 'timeused': '--'}
[2017-08-17 16:47:29,024] - logger.py] - INFO: 获取公司名称：韵达快递
[2017-08-17 16:47:29,025] - logger.py] - INFO: 获取data内容：[{'time': '2016-08-21 19:47:14', 'context': '到达：贵州都匀市公司 由 已签收 签收'}, {'time': '2016-08-21 09:45:36', 'context': '到达：贵州都匀市公司 指定：小围寨分部(1111-1111111) 派送'}, {'time': '2016-08-20 06:32:38', 'context': '到达：贵州贵阳分拨中心 发往：贵州都匀市公司'}, {'time': '2016-08-20 06:17:24', 'context': '到达：贵州贵阳分拨中心 上级站点：福建晋江分拨中心'}, {'time': '2016-08-18 21:48:53', 'context': '到达：福建晋江分拨中心 发往：贵州贵阳分拨中心'}, {'time': '2016-08-18 21:46:25', 'context': '到达：福建晋江分拨中心'}, {'time': '2016-08-18 08:30:44', 'context': '到达：福建市场部台江服务部 已揽件'}, {'time': '2016-08-18 06:48:19', 'context': '到达：福建市场部台江服务部 发往：贵州贵阳分拨中心'}, {'time': '2016-08-18 06:37:54', 'context': '到达：福建市场部台江服务部 已揽件'}, {'time': '2016-08-18 05:51:57', 'context': '到达：福建市场部台江服务部 已揽件'}]
[2017-08-17 16:47:29,026] - logger.py] - INFO: 获取已签收状态：到达：贵州都匀市公司 由 已签收 签收
[2017-08-17 16:47:29,027] - logger.py] - INFO: ----------pass!-------
[2017-08-17 16:47:29,028] - logger.py] - INFO: ------start!--------
[2017-08-17 16:47:29,029] - logger.py] - INFO: 第一步：登录
[2017-08-17 16:47:29,143] - logger.py] - INFO: ------start!--------
[2017-08-17 17:03:15,274] - logger.py] - INFO: ------登录成功用例：start!---------
[2017-08-17 17:03:15,277] - logger.py] - INFO: 输入正确账号：这里是抓包后获取的博客园的加密账号
[2017-08-17 17:03:15,278] - logger.py] - INFO: 输入正确密码：这里是抓包后获取的博客园的加密密码
[2017-08-17 17:03:15,876] - logger.py] - INFO: ------登录失败用例：start!---------
[2017-08-17 17:03:15,877] - logger.py] - INFO: 输入正确账号：这里是抓包后获取的博客园的加密账号
[2017-08-17 17:03:15,878] - logger.py] - INFO: 输入错误密码：这里是抓包后获取的博客园的加密账号
[2017-08-17 17:03:15,998] - logger.py] - INFO: ----------start!-------
[2017-08-17 17:03:15,999] - logger.py] - INFO: 测试单号：560697415000  快递名称：天天快递
[2017-08-17 17:03:16,001] - logger.py] - INFO: 测试url地址：http://www.kuaidi.com/index-ajaxselectcourierinfo-560697415000-tiantian.html
[2017-08-17 17:03:16,258] - logger.py] - INFO: 获取请求结果：{'success': True, 'ico': '/data/upload/201407/tt_logo.gif', 'phone': '400-188-8888', 'url': 'http://www.ttkdex.com', 'status': 6, 'companytype': 'tiantian', 'nu': '560697415000', 'company': '天天快递', 'reason': '', 'data': [{'time': '2017-06-07 10:21:12', 'context': '已签收,签收人是本人'}, {'time': '2017-06-07 09:06:00', 'context': '【广州兴隆分部】的派件员【陆子文18102671862】正在派件'}, {'time': '2017-06-07 06:34:16', 'context': '快件已到达【广州兴隆分部】 扫描员是【广州兴隆分部】上一站是【广州分拨中心】'}, {'time': '2017-06-07 06:33:33', 'context': '由【广州分拨中心】发往【广州兴隆分部】'}, {'time': '2017-06-06 21:34:55', 'context': '由【广州分拨中心】发往【广州荔湾仓】'}, {'time': '2017-06-06 21:34:54', 'context': '【广州分拨中心】已进行扫描'}, {'time': '2017-06-06 21:26:51', 'context': '快件已到达【广州分拨中心】 扫描员是【胡训5】上一站是【合肥分拨中心】'}, {'time': '2017-06-05 20:26:04', 'context': '由【合肥】发往【合肥分拨中心】'}, {'time': '2017-06-05 20:26:03', 'context': '【合肥】已进行扫描'}, {'time': '2017-06-05 20:24:37', 'context': '快件已到达【合肥】 扫描员是【顾婷婷】上一站是【合肥西站分部】'}, {'time': '2017-05-31 16:17:37', 'context': '【合肥西站分部】的收件员【西站15375273010】已收件'}], 'time': '', 'rank': '2.4', 'exceed': '', 'timeused': '--'}
[2017-08-17 17:03:16,259] - logger.py] - INFO: 获取公司名称：天天快递
[2017-08-17 17:03:16,260] - logger.py] - INFO: 获取data内容：[{'time': '2017-06-07 10:21:12', 'context': '已签收,签收人是本人'}, {'time': '2017-06-07 09:06:00', 'context': '【广州兴隆分部】的派件员【陆子文18102671862】正在派件'}, {'time': '2017-06-07 06:34:16', 'context': '快件已到达【广州兴隆分部】 扫描员是【广州兴隆分部】上一站是【广州分拨中心】'}, {'time': '2017-06-07 06:33:33', 'context': '由【广州分拨中心】发往【广州兴隆分部】'}, {'time': '2017-06-06 21:34:55', 'context': '由【广州分拨中心】发往【广州荔湾仓】'}, {'time': '2017-06-06 21:34:54', 'context': '【广州分拨中心】已进行扫描'}, {'time': '2017-06-06 21:26:51', 'context': '快件已到达【广州分拨中心】 扫描员是【胡训5】上一站是【合肥分拨中心】'}, {'time': '2017-06-05 20:26:04', 'context': '由【合肥】发往【合肥分拨中心】'}, {'time': '2017-06-05 20:26:03', 'context': '【合肥】已进行扫描'}, {'time': '2017-06-05 20:24:37', 'context': '快件已到达【合肥】 扫描员是【顾婷婷】上一站是【合肥西站分部】'}, {'time': '2017-05-31 16:17:37', 'context': '【合肥西站分部】的收件员【西站15375273010】已收件'}]
[2017-08-17 17:03:16,261] - logger.py] - INFO: 获取已签收状态：已签收,签收人是本人
[2017-08-17 17:03:16,263] - logger.py] - INFO: ----------pass!-------
[2017-08-17 17:03:16,263] - logger.py] - INFO: ----------start!-------
[2017-08-17 17:03:16,264] - logger.py] - INFO: 测试单号：1202247993797  快递名称：韵达快递
[2017-08-17 17:03:16,265] - logger.py] - INFO: 测试url地址：http://www.kuaidi.com/index-ajaxselectcourierinfo-1202247993797-yunda.html
[2017-08-17 17:03:16,515] - logger.py] - INFO: 获取请求结果：{'success': True, 'ico': '/data/upload/201407/yd_logo.gif', 'phone': '95546', 'url': 'http://www.yundaex.com', 'status': 6, 'companytype': 'yunda', 'nu': '1202247993797', 'company': '韵达快递', 'reason': '', 'data': [{'time': '2016-08-21 19:47:14', 'context': '到达：贵州都匀市公司 由 已签收 签收'}, {'time': '2016-08-21 09:45:36', 'context': '到达：贵州都匀市公司 指定：小围寨分部(1111-1111111) 派送'}, {'time': '2016-08-20 06:32:38', 'context': '到达：贵州贵阳分拨中心 发往：贵州都匀市公司'}, {'time': '2016-08-20 06:17:24', 'context': '到达：贵州贵阳分拨中心 上级站点：福建晋江分拨中心'}, {'time': '2016-08-18 21:48:53', 'context': '到达：福建晋江分拨中心 发往：贵州贵阳分拨中心'}, {'time': '2016-08-18 21:46:25', 'context': '到达：福建晋江分拨中心'}, {'time': '2016-08-18 08:30:44', 'context': '到达：福建市场部台江服务部 已揽件'}, {'time': '2016-08-18 06:48:19', 'context': '到达：福建市场部台江服务部 发往：贵州贵阳分拨中心'}, {'time': '2016-08-18 06:37:54', 'context': '到达：福建市场部台江服务部 已揽件'}, {'time': '2016-08-18 05:51:57', 'context': '到达：福建市场部台江服务部 已揽件'}], 'time': '', 'rank': '2.5', 'exceed': '', 'timeused': '--'}
[2017-08-17 17:03:16,516] - logger.py] - INFO: 获取公司名称：韵达快递
[2017-08-17 17:03:16,517] - logger.py] - INFO: 获取data内容：[{'time': '2016-08-21 19:47:14', 'context': '到达：贵州都匀市公司 由 已签收 签收'}, {'time': '2016-08-21 09:45:36', 'context': '到达：贵州都匀市公司 指定：小围寨分部(1111-1111111) 派送'}, {'time': '2016-08-20 06:32:38', 'context': '到达：贵州贵阳分拨中心 发往：贵州都匀市公司'}, {'time': '2016-08-20 06:17:24', 'context': '到达：贵州贵阳分拨中心 上级站点：福建晋江分拨中心'}, {'time': '2016-08-18 21:48:53', 'context': '到达：福建晋江分拨中心 发往：贵州贵阳分拨中心'}, {'time': '2016-08-18 21:46:25', 'context': '到达：福建晋江分拨中心'}, {'time': '2016-08-18 08:30:44', 'context': '到达：福建市场部台江服务部 已揽件'}, {'time': '2016-08-18 06:48:19', 'context': '到达：福建市场部台江服务部 发往：贵州贵阳分拨中心'}, {'time': '2016-08-18 06:37:54', 'context': '到达：福建市场部台江服务部 已揽件'}, {'time': '2016-08-18 05:51:57', 'context': '到达：福建市场部台江服务部 已揽件'}]
[2017-08-17 17:03:16,518] - logger.py] - INFO: 获取已签收状态：到达：贵州都匀市公司 由 已签收 签收
[2017-08-17 17:03:16,519] - logger.py] - INFO: ----------pass!-------
[2017-08-17 17:03:16,520] - logger.py] - INFO: ------start!--------
[2017-08-17 17:03:16,521] - logger.py] - INFO: 第一步：登录
[2017-08-17 17:03:16,636] - logger.py] - INFO: ------start!--------
[2017-08-17 17:03:38,785] - logger.py] - INFO: ------登录成功用例：start!---------
[2017-08-17 17:03:38,787] - logger.py] - INFO: 输入正确账号：这里是抓包后获取的博客园的加密账号
[2017-08-17 17:03:38,788] - logger.py] - INFO: 输入正确密码：这里是抓包后获取的博客园的加密密码
[2017-08-17 17:03:39,454] - logger.py] - INFO: ------登录失败用例：start!---------
[2017-08-17 17:03:39,455] - logger.py] - INFO: 输入正确账号：这里是抓包后获取的博客园的加密账号
[2017-08-17 17:03:39,456] - logger.py] - INFO: 输入错误密码：这里是抓包后获取的博客园的加密账号
[2017-08-17 17:03:39,576] - logger.py] - INFO: ----------start!-------
[2017-08-17 17:03:39,577] - logger.py] - INFO: 测试单号：560697415000  快递名称：天天快递
[2017-08-17 17:03:39,578] - logger.py] - INFO: 测试url地址：http://www.kuaidi.com/index-ajaxselectcourierinfo-560697415000-tiantian.html
[2017-08-17 17:03:39,828] - logger.py] - INFO: 获取请求结果：{'success': True, 'ico': '/data/upload/201407/tt_logo.gif', 'phone': '400-188-8888', 'url': 'http://www.ttkdex.com', 'status': 6, 'companytype': 'tiantian', 'nu': '560697415000', 'company': '天天快递', 'reason': '', 'data': [{'time': '2017-06-07 10:21:12', 'context': '已签收,签收人是本人'}, {'time': '2017-06-07 09:06:00', 'context': '【广州兴隆分部】的派件员【陆子文18102671862】正在派件'}, {'time': '2017-06-07 06:34:16', 'context': '快件已到达【广州兴隆分部】 扫描员是【广州兴隆分部】上一站是【广州分拨中心】'}, {'time': '2017-06-07 06:33:33', 'context': '由【广州分拨中心】发往【广州兴隆分部】'}, {'time': '2017-06-06 21:34:55', 'context': '由【广州分拨中心】发往【广州荔湾仓】'}, {'time': '2017-06-06 21:34:54', 'context': '【广州分拨中心】已进行扫描'}, {'time': '2017-06-06 21:26:51', 'context': '快件已到达【广州分拨中心】 扫描员是【胡训5】上一站是【合肥分拨中心】'}, {'time': '2017-06-05 20:26:04', 'context': '由【合肥】发往【合肥分拨中心】'}, {'time': '2017-06-05 20:26:03', 'context': '【合肥】已进行扫描'}, {'time': '2017-06-05 20:24:37', 'context': '快件已到达【合肥】 扫描员是【顾婷婷】上一站是【合肥西站分部】'}, {'time': '2017-05-31 16:17:37', 'context': '【合肥西站分部】的收件员【西站15375273010】已收件'}], 'time': '', 'rank': '2.4', 'exceed': '', 'timeused': '--'}
[2017-08-17 17:03:39,829] - logger.py] - INFO: 获取公司名称：天天快递
[2017-08-17 17:03:39,832] - logger.py] - INFO: 获取data内容：[{'time': '2017-06-07 10:21:12', 'context': '已签收,签收人是本人'}, {'time': '2017-06-07 09:06:00', 'context': '【广州兴隆分部】的派件员【陆子文18102671862】正在派件'}, {'time': '2017-06-07 06:34:16', 'context': '快件已到达【广州兴隆分部】 扫描员是【广州兴隆分部】上一站是【广州分拨中心】'}, {'time': '2017-06-07 06:33:33', 'context': '由【广州分拨中心】发往【广州兴隆分部】'}, {'time': '2017-06-06 21:34:55', 'context': '由【广州分拨中心】发往【广州荔湾仓】'}, {'time': '2017-06-06 21:34:54', 'context': '【广州分拨中心】已进行扫描'}, {'time': '2017-06-06 21:26:51', 'context': '快件已到达【广州分拨中心】 扫描员是【胡训5】上一站是【合肥分拨中心】'}, {'time': '2017-06-05 20:26:04', 'context': '由【合肥】发往【合肥分拨中心】'}, {'time': '2017-06-05 20:26:03', 'context': '【合肥】已进行扫描'}, {'time': '2017-06-05 20:24:37', 'context': '快件已到达【合肥】 扫描员是【顾婷婷】上一站是【合肥西站分部】'}, {'time': '2017-05-31 16:17:37', 'context': '【合肥西站分部】的收件员【西站15375273010】已收件'}]
[2017-08-17 17:03:39,833] - logger.py] - INFO: 获取已签收状态：已签收,签收人是本人
[2017-08-17 17:03:39,834] - logger.py] - INFO: ----------pass!-------
[2017-08-17 17:03:39,836] - logger.py] - INFO: ----------start!-------
[2017-08-17 17:03:39,837] - logger.py] - INFO: 测试单号：1202247993797  快递名称：韵达快递
[2017-08-17 17:03:39,837] - logger.py] - INFO: 测试url地址：http://www.kuaidi.com/index-ajaxselectcourierinfo-1202247993797-yunda.html
[2017-08-17 17:03:40,901] - logger.py] - INFO: 获取请求结果：{'success': True, 'ico': '/data/upload/201407/yd_logo.gif', 'phone': '95546', 'url': 'http://www.yundaex.com', 'status': 6, 'companytype': 'yunda', 'nu': '1202247993797', 'company': '韵达快递', 'reason': '', 'data': [{'time': '2016-08-21 19:47:14', 'context': '到达：贵州都匀市公司 由 已签收 签收'}, {'time': '2016-08-21 09:45:36', 'context': '到达：贵州都匀市公司 指定：小围寨分部(1111-1111111) 派送'}, {'time': '2016-08-20 06:32:38', 'context': '到达：贵州贵阳分拨中心 发往：贵州都匀市公司'}, {'time': '2016-08-20 06:17:24', 'context': '到达：贵州贵阳分拨中心 上级站点：福建晋江分拨中心'}, {'time': '2016-08-18 21:48:53', 'context': '到达：福建晋江分拨中心 发往：贵州贵阳分拨中心'}, {'time': '2016-08-18 21:46:25', 'context': '到达：福建晋江分拨中心'}, {'time': '2016-08-18 08:30:44', 'context': '到达：福建市场部台江服务部 已揽件'}, {'time': '2016-08-18 06:48:19', 'context': '到达：福建市场部台江服务部 发往：贵州贵阳分拨中心'}, {'time': '2016-08-18 06:37:54', 'context': '到达：福建市场部台江服务部 已揽件'}, {'time': '2016-08-18 05:51:57', 'context': '到达：福建市场部台江服务部 已揽件'}], 'time': '', 'rank': '2.5', 'exceed': '', 'timeused': '--'}
[2017-08-17 17:03:40,901] - logger.py] - INFO: 获取公司名称：韵达快递
[2017-08-17 17:03:40,902] - logger.py] - INFO: 获取data内容：[{'time': '2016-08-21 19:47:14', 'context': '到达：贵州都匀市公司 由 已签收 签收'}, {'time': '2016-08-21 09:45:36', 'context': '到达：贵州都匀市公司 指定：小围寨分部(1111-1111111) 派送'}, {'time': '2016-08-20 06:32:38', 'context': '到达：贵州贵阳分拨中心 发往：贵州都匀市公司'}, {'time': '2016-08-20 06:17:24', 'context': '到达：贵州贵阳分拨中心 上级站点：福建晋江分拨中心'}, {'time': '2016-08-18 21:48:53', 'context': '到达：福建晋江分拨中心 发往：贵州贵阳分拨中心'}, {'time': '2016-08-18 21:46:25', 'context': '到达：福建晋江分拨中心'}, {'time': '2016-08-18 08:30:44', 'context': '到达：福建市场部台江服务部 已揽件'}, {'time': '2016-08-18 06:48:19', 'context': '到达：福建市场部台江服务部 发往：贵州贵阳分拨中心'}, {'time': '2016-08-18 06:37:54', 'context': '到达：福建市场部台江服务部 已揽件'}, {'time': '2016-08-18 05:51:57', 'context': '到达：福建市场部台江服务部 已揽件'}]
[2017-08-17 17:03:40,903] - logger.py] - INFO: 获取已签收状态：到达：贵州都匀市公司 由 已签收 签收
[2017-08-17 17:03:40,905] - logger.py] - INFO: ----------pass!-------
[2017-08-17 17:03:40,906] - logger.py] - INFO: ------start!--------
[2017-08-17 17:03:40,907] - logger.py] - INFO: 第一步：登录
[2017-08-17 17:03:41,030] - logger.py] - INFO: ------start!--------
