[2018-02-26 09:26:56,555] - logger.py] - INFO: ------登录成功用例：start!---------
[2018-02-26 09:26:56,556] - logger.py] - INFO: 输入正确账号：这里是抓包后获取的博客园的加密账号
[2018-02-26 09:26:56,557] - logger.py] - INFO: 输入正确密码：这里是抓包后获取的博客园的加密密码
[2018-02-26 09:26:57,807] - logger.py] - INFO: ------登录失败用例：start!---------
[2018-02-26 09:26:57,808] - logger.py] - INFO: 输入正确账号：这里是抓包后获取的博客园的加密账号
[2018-02-26 09:26:57,809] - logger.py] - INFO: 输入错误密码：这里是抓包后获取的博客园的加密账号
[2018-02-26 09:26:57,919] - logger.py] - INFO: ----------start!-------
[2018-02-26 09:26:57,920] - logger.py] - INFO: 测试单号：560697415000  快递名称：天天快递
[2018-02-26 09:26:57,920] - logger.py] - INFO: 测试url地址：http://www.kuaidi.com/index-ajaxselectcourierinfo-560697415000-tiantian.html
[2018-02-26 09:26:58,630] - logger.py] - INFO: 获取请求结果：{'success': False, 'ico': '/data/upload/201407/tt_logo.gif', 'phone': '400-188-8888', 'url': 'http://www.ttkdex.com', 'status': 0, 'companytype': 'tiantian', 'nu': '560697415000', 'company': None, 'reason': '快递公司参数异常：单号不存在或者已经过期', 'data': '', 'time': '', 'rank': '2.4', 'exceed': '', 'timeused': '--'}
[2018-02-26 09:26:58,631] - logger.py] - INFO: 获取公司名称：None
[2018-02-26 09:26:58,632] - logger.py] - INFO: 获取data内容：
[2018-02-26 09:26:58,634] - logger.py] - INFO: ----------start!-------
[2018-02-26 09:26:58,634] - logger.py] - INFO: 测试单号：1202247993797  快递名称：韵达快递
[2018-02-26 09:26:58,635] - logger.py] - INFO: 测试url地址：http://www.kuaidi.com/index-ajaxselectcourierinfo-1202247993797-yunda.html
[2018-02-26 09:26:59,072] - logger.py] - INFO: 获取请求结果：{'success': True, 'ico': '/data/upload/201407/yd_logo.gif', 'phone': '95546', 'url': 'http://www.yundaex.com', 'status': 6, 'companytype': 'yunda', 'nu': '1202247993797', 'company': '韵达快递', 'reason': '', 'data': [{'time': '2016-08-21 19:47:14', 'context': '到达：贵州都匀市公司 由 已签收 签收'}, {'time': '2016-08-21 09:45:36', 'context': '到达：贵州都匀市公司 指定： 派送'}, {'time': '2016-08-20 06:32:38', 'context': '到达：贵州贵阳分拨中心 发往：贵州都匀市公司'}, {'time': '2016-08-20 06:17:24', 'context': '到达：贵州贵阳分拨中心 上级站点：福建晋江分拨中心'}, {'time': '2016-08-18 21:48:53', 'context': '到达：福建晋江分拨中心 发往：贵州贵阳分拨中心'}, {'time': '2016-08-18 21:46:25', 'context': '到达：福建晋江分拨中心'}, {'time': '2016-08-18 08:30:44', 'context': '到达：福建市场部台江服务部 大包称重'}, {'time': '2016-08-18 06:48:19', 'context': '到达：福建市场部台江服务部 发往：贵州贵阳分拨中心'}, {'time': '2016-08-18 06:37:54', 'context': '到达：福建市场部台江服务部 已揽件'}, {'time': '2016-08-18 05:51:57', 'context': '到达：福建市场部台江服务部 已揽件'}], 'time': '', 'rank': '2.4', 'exceed': '', 'timeused': '--'}
[2018-02-26 09:26:59,073] - logger.py] - INFO: 获取公司名称：韵达快递
[2018-02-26 09:26:59,073] - logger.py] - INFO: 获取data内容：[{'time': '2016-08-21 19:47:14', 'context': '到达：贵州都匀市公司 由 已签收 签收'}, {'time': '2016-08-21 09:45:36', 'context': '到达：贵州都匀市公司 指定： 派送'}, {'time': '2016-08-20 06:32:38', 'context': '到达：贵州贵阳分拨中心 发往：贵州都匀市公司'}, {'time': '2016-08-20 06:17:24', 'context': '到达：贵州贵阳分拨中心 上级站点：福建晋江分拨中心'}, {'time': '2016-08-18 21:48:53', 'context': '到达：福建晋江分拨中心 发往：贵州贵阳分拨中心'}, {'time': '2016-08-18 21:46:25', 'context': '到达：福建晋江分拨中心'}, {'time': '2016-08-18 08:30:44', 'context': '到达：福建市场部台江服务部 大包称重'}, {'time': '2016-08-18 06:48:19', 'context': '到达：福建市场部台江服务部 发往：贵州贵阳分拨中心'}, {'time': '2016-08-18 06:37:54', 'context': '到达：福建市场部台江服务部 已揽件'}, {'time': '2016-08-18 05:51:57', 'context': '到达：福建市场部台江服务部 已揽件'}]
[2018-02-26 09:26:59,074] - logger.py] - INFO: 获取已签收状态：到达：贵州都匀市公司 由 已签收 签收
[2018-02-26 09:26:59,075] - logger.py] - INFO: ----------pass!-------
[2018-02-26 09:26:59,076] - logger.py] - INFO: ------start!--------
[2018-02-26 09:26:59,077] - logger.py] - INFO: 第一步：登录
[2018-02-26 09:26:59,236] - logger.py] - INFO: ------start!--------
[2018-02-26 09:28:45,088] - logger.py] - INFO: ------登录成功用例：start!---------
[2018-02-26 09:28:45,089] - logger.py] - INFO: 输入正确账号：这里是抓包后获取的博客园的加密账号
[2018-02-26 09:28:45,090] - logger.py] - INFO: 输入正确密码：这里是抓包后获取的博客园的加密密码
[2018-02-26 09:28:47,231] - logger.py] - INFO: ------登录失败用例：start!---------
[2018-02-26 09:28:47,232] - logger.py] - INFO: 输入正确账号：这里是抓包后获取的博客园的加密账号
[2018-02-26 09:28:47,233] - logger.py] - INFO: 输入错误密码：这里是抓包后获取的博客园的加密账号
[2018-02-26 09:28:47,360] - logger.py] - INFO: ----------start!-------
[2018-02-26 09:28:47,361] - logger.py] - INFO: 测试单号：560697415000  快递名称：天天快递
[2018-02-26 09:28:47,361] - logger.py] - INFO: 测试url地址：http://www.kuaidi.com/index-ajaxselectcourierinfo-560697415000-tiantian.html
[2018-02-26 09:28:47,939] - logger.py] - INFO: 获取请求结果：{'success': False, 'ico': '/data/upload/201407/tt_logo.gif', 'phone': '400-188-8888', 'url': 'http://www.ttkdex.com', 'status': 0, 'companytype': 'tiantian', 'nu': '560697415000', 'company': None, 'reason': '快递公司参数异常：单号不存在或者已经过期', 'data': '', 'time': '', 'rank': '2.4', 'exceed': '', 'timeused': '--'}
[2018-02-26 09:28:47,940] - logger.py] - INFO: 获取公司名称：None
[2018-02-26 09:28:47,940] - logger.py] - INFO: 获取data内容：
[2018-02-26 09:28:47,969] - logger.py] - INFO: ----------start!-------
[2018-02-26 09:28:47,970] - logger.py] - INFO: 测试单号：1202247993797  快递名称：韵达快递
[2018-02-26 09:28:47,971] - logger.py] - INFO: 测试url地址：http://www.kuaidi.com/index-ajaxselectcourierinfo-1202247993797-yunda.html
[2018-02-26 09:28:48,223] - logger.py] - INFO: 获取请求结果：{'success': True, 'ico': '/data/upload/201407/yd_logo.gif', 'phone': '95546', 'url': 'http://www.yundaex.com', 'status': 6, 'companytype': 'yunda', 'nu': '1202247993797', 'company': '韵达快递', 'reason': '', 'data': [{'time': '2016-08-21 19:47:14', 'context': '到达：贵州都匀市公司 由 已签收 签收'}, {'time': '2016-08-21 09:45:36', 'context': '到达：贵州都匀市公司 指定： 派送'}, {'time': '2016-08-20 06:32:38', 'context': '到达：贵州贵阳分拨中心 发往：贵州都匀市公司'}, {'time': '2016-08-20 06:17:24', 'context': '到达：贵州贵阳分拨中心 上级站点：福建晋江分拨中心'}, {'time': '2016-08-18 21:48:53', 'context': '到达：福建晋江分拨中心 发往：贵州贵阳分拨中心'}, {'time': '2016-08-18 21:46:25', 'context': '到达：福建晋江分拨中心'}, {'time': '2016-08-18 08:30:44', 'context': '到达：福建市场部台江服务部 大包称重'}, {'time': '2016-08-18 06:48:19', 'context': '到达：福建市场部台江服务部 发往：贵州贵阳分拨中心'}, {'time': '2016-08-18 06:37:54', 'context': '到达：福建市场部台江服务部 已揽件'}, {'time': '2016-08-18 05:51:57', 'context': '到达：福建市场部台江服务部 已揽件'}], 'time': '', 'rank': '2.4', 'exceed': '', 'timeused': '--'}
[2018-02-26 09:28:48,223] - logger.py] - INFO: 获取公司名称：韵达快递
[2018-02-26 09:28:48,224] - logger.py] - INFO: 获取data内容：[{'time': '2016-08-21 19:47:14', 'context': '到达：贵州都匀市公司 由 已签收 签收'}, {'time': '2016-08-21 09:45:36', 'context': '到达：贵州都匀市公司 指定： 派送'}, {'time': '2016-08-20 06:32:38', 'context': '到达：贵州贵阳分拨中心 发往：贵州都匀市公司'}, {'time': '2016-08-20 06:17:24', 'context': '到达：贵州贵阳分拨中心 上级站点：福建晋江分拨中心'}, {'time': '2016-08-18 21:48:53', 'context': '到达：福建晋江分拨中心 发往：贵州贵阳分拨中心'}, {'time': '2016-08-18 21:46:25', 'context': '到达：福建晋江分拨中心'}, {'time': '2016-08-18 08:30:44', 'context': '到达：福建市场部台江服务部 大包称重'}, {'time': '2016-08-18 06:48:19', 'context': '到达：福建市场部台江服务部 发往：贵州贵阳分拨中心'}, {'time': '2016-08-18 06:37:54', 'context': '到达：福建市场部台江服务部 已揽件'}, {'time': '2016-08-18 05:51:57', 'context': '到达：福建市场部台江服务部 已揽件'}]
[2018-02-26 09:28:48,225] - logger.py] - INFO: 获取已签收状态：到达：贵州都匀市公司 由 已签收 签收
[2018-02-26 09:28:48,226] - logger.py] - INFO: ----------pass!-------
[2018-02-26 09:28:48,227] - logger.py] - INFO: ------start!--------
[2018-02-26 09:28:48,227] - logger.py] - INFO: 第一步：登录
[2018-02-26 09:28:48,468] - logger.py] - INFO: ------start!--------
[2018-02-26 09:30:34,604] - logger.py] - INFO: ------登录成功用例：start!---------
[2018-02-26 09:30:34,604] - logger.py] - INFO: 输入正确账号：这里是抓包后获取的博客园的加密账号
[2018-02-26 09:30:34,605] - logger.py] - INFO: 输入正确密码：这里是抓包后获取的博客园的加密密码
[2018-02-26 09:30:36,265] - logger.py] - INFO: ------登录失败用例：start!---------
[2018-02-26 09:30:36,267] - logger.py] - INFO: 输入正确账号：这里是抓包后获取的博客园的加密账号
[2018-02-26 09:30:36,268] - logger.py] - INFO: 输入错误密码：这里是抓包后获取的博客园的加密账号
[2018-02-26 09:30:36,377] - logger.py] - INFO: ----------start!-------
[2018-02-26 09:30:36,378] - logger.py] - INFO: 测试单号：560697415000  快递名称：天天快递
[2018-02-26 09:30:36,378] - logger.py] - INFO: 测试url地址：http://www.kuaidi.com/index-ajaxselectcourierinfo-560697415000-tiantian.html
[2018-02-26 09:30:36,877] - logger.py] - INFO: 获取请求结果：{'success': False, 'ico': '/data/upload/201407/tt_logo.gif', 'phone': '400-188-8888', 'url': 'http://www.ttkdex.com', 'status': 0, 'companytype': 'tiantian', 'nu': '560697415000', 'company': None, 'reason': '快递公司参数异常：单号不存在或者已经过期', 'data': '', 'time': '', 'rank': '2.4', 'exceed': '', 'timeused': '--'}
[2018-02-26 09:30:36,878] - logger.py] - INFO: 获取公司名称：None
[2018-02-26 09:30:36,879] - logger.py] - INFO: 获取data内容：
[2018-02-26 09:30:36,881] - logger.py] - INFO: ----------start!-------
[2018-02-26 09:30:36,882] - logger.py] - INFO: 测试单号：1202247993797  快递名称：韵达快递
[2018-02-26 09:30:36,883] - logger.py] - INFO: 测试url地址：http://www.kuaidi.com/index-ajaxselectcourierinfo-1202247993797-yunda.html
[2018-02-26 09:30:37,160] - logger.py] - INFO: 获取请求结果：{'success': True, 'ico': '/data/upload/201407/yd_logo.gif', 'phone': '95546', 'url': 'http://www.yundaex.com', 'status': 6, 'companytype': 'yunda', 'nu': '1202247993797', 'company': '韵达快递', 'reason': '', 'data': [{'time': '2016-08-21 19:47:14', 'context': '到达：贵州都匀市公司 由 已签收 签收'}, {'time': '2016-08-21 09:45:36', 'context': '到达：贵州都匀市公司 指定： 派送'}, {'time': '2016-08-20 06:32:38', 'context': '到达：贵州贵阳分拨中心 发往：贵州都匀市公司'}, {'time': '2016-08-20 06:17:24', 'context': '到达：贵州贵阳分拨中心 上级站点：福建晋江分拨中心'}, {'time': '2016-08-18 21:48:53', 'context': '到达：福建晋江分拨中心 发往：贵州贵阳分拨中心'}, {'time': '2016-08-18 21:46:25', 'context': '到达：福建晋江分拨中心'}, {'time': '2016-08-18 08:30:44', 'context': '到达：福建市场部台江服务部 大包称重'}, {'time': '2016-08-18 06:48:19', 'context': '到达：福建市场部台江服务部 发往：贵州贵阳分拨中心'}, {'time': '2016-08-18 06:37:54', 'context': '到达：福建市场部台江服务部 已揽件'}, {'time': '2016-08-18 05:51:57', 'context': '到达：福建市场部台江服务部 已揽件'}], 'time': '', 'rank': '2.4', 'exceed': '', 'timeused': '--'}
[2018-02-26 09:30:37,161] - logger.py] - INFO: 获取公司名称：韵达快递
[2018-02-26 09:30:37,162] - logger.py] - INFO: 获取data内容：[{'time': '2016-08-21 19:47:14', 'context': '到达：贵州都匀市公司 由 已签收 签收'}, {'time': '2016-08-21 09:45:36', 'context': '到达：贵州都匀市公司 指定： 派送'}, {'time': '2016-08-20 06:32:38', 'context': '到达：贵州贵阳分拨中心 发往：贵州都匀市公司'}, {'time': '2016-08-20 06:17:24', 'context': '到达：贵州贵阳分拨中心 上级站点：福建晋江分拨中心'}, {'time': '2016-08-18 21:48:53', 'context': '到达：福建晋江分拨中心 发往：贵州贵阳分拨中心'}, {'time': '2016-08-18 21:46:25', 'context': '到达：福建晋江分拨中心'}, {'time': '2016-08-18 08:30:44', 'context': '到达：福建市场部台江服务部 大包称重'}, {'time': '2016-08-18 06:48:19', 'context': '到达：福建市场部台江服务部 发往：贵州贵阳分拨中心'}, {'time': '2016-08-18 06:37:54', 'context': '到达：福建市场部台江服务部 已揽件'}, {'time': '2016-08-18 05:51:57', 'context': '到达：福建市场部台江服务部 已揽件'}]
[2018-02-26 09:30:37,163] - logger.py] - INFO: 获取已签收状态：到达：贵州都匀市公司 由 已签收 签收
[2018-02-26 09:30:37,163] - logger.py] - INFO: ----------pass!-------
[2018-02-26 09:30:37,164] - logger.py] - INFO: ------start!--------
[2018-02-26 09:30:37,165] - logger.py] - INFO: 第一步：登录
[2018-02-26 09:30:37,293] - logger.py] - INFO: ------start!--------
